This file contains any messages produced by compilers while
running configure, to aid debugging if configure makes a mistake.

It was created by configure, which was
generated by GNU Autoconf 2.61.  Invocation command line was

  $ ./configure 

## --------- ##
## Platform. ##
## --------- ##

hostname = gaia
uname -m = x86_64
uname -r = 2.6.24-16-generic
uname -s = Linux
uname -v = #1 SMP Thu Apr 10 12:47:45 UTC 2008

/usr/bin/uname -p = unknown
/bin/uname -X     = unknown

/bin/arch              = unknown
/usr/bin/arch -k       = unknown
/usr/convex/getsysinfo = unknown
/usr/bin/hostinfo      = unknown
/bin/machine           = unknown
/usr/bin/oslevel       = unknown
/bin/universe          = unknown

PATH: /usr/local/sbin
PATH: /usr/local/bin
PATH: /usr/sbin
PATH: /usr/bin
PATH: /sbin
PATH: /bin
PATH: /usr/games


## ----------- ##
## Core tests. ##
## ----------- ##

configure:2068: checking build system type
configure:2086: result: x86_64-unknown-linux-gnu
configure:2108: checking host system type
configure:2123: result: x86_64-unknown-linux-gnu
configure:2145: checking target system type
configure:2160: result: x86_64-unknown-linux-gnu
configure:2203: checking for a BSD-compatible install
configure:2259: result: /usr/bin/install -c
configure:2270: checking whether build environment is sane
configure:2313: result: yes
configure:2341: checking for a thread-safe mkdir -p
configure:2380: result: /bin/mkdir -p
configure:2393: checking for gawk
configure:2423: result: no
configure:2393: checking for mawk
configure:2409: found /usr/bin/mawk
configure:2420: result: mawk
configure:2431: checking whether make sets $(MAKE)
configure:2452: result: yes
configure:2691: checking for gcc
configure:2718: result: gcc-3.4
configure:2956: checking for C compiler version
configure:2963: gcc-3.4 --version >&5
gcc-3.4 (GCC) 3.4.6 (Ubuntu 3.4.6-6ubuntu5)
Copyright (C) 2006 Free Software Foundation, Inc.
This is free software; see the source for copying conditions.  There is NO
warranty; not even for MERCHANTABILITY or FITNESS FOR A PARTICULAR PURPOSE.

configure:2966: $? = 0
configure:2973: gcc-3.4 -v >&5
Reading specs from /usr/lib/gcc/x86_64-linux-gnu/3.4.6/specs
Configured with: ../src/configure -v --enable-languages=c,c++,f77,pascal --prefix=/usr --libexecdir=/usr/lib --with-gxx-include-dir=/usr/include/c++/3.4 --enable-shared --with-system-zlib --enable-nls --without-included-gettext --program-suffix=-3.4 --enable-__cxa_atexit --enable-clocale=gnu --enable-libstdcxx-debug x86_64-linux-gnu
Thread model: posix
gcc version 3.4.6 (Ubuntu 3.4.6-6ubuntu5)
configure:2976: $? = 0
configure:2983: gcc-3.4 -V >&5
gcc-3.4: `-V' option must have argument
configure:2986: $? = 1
configure:3009: checking for C compiler default output file name
configure:3036: gcc-3.4    conftest.c  >&5
configure:3039: $? = 0
configure:3077: result: a.out
configure:3094: checking whether the C compiler works
configure:3104: ./a.out
configure:3107: $? = 0
configure:3124: result: yes
configure:3131: checking whether we are cross compiling
configure:3133: result: no
configure:3136: checking for suffix of executables
configure:3143: gcc-3.4 -o conftest    conftest.c  >&5
configure:3146: $? = 0
configure:3170: result: 
configure:3176: checking for suffix of object files
configure:3202: gcc-3.4 -c   conftest.c >&5
configure:3205: $? = 0
configure:3228: result: o
configure:3232: checking whether we are using the GNU C compiler
configure:3261: gcc-3.4 -c   conftest.c >&5
configure:3267: $? = 0
configure:3284: result: yes
configure:3289: checking whether gcc-3.4 accepts -g
configure:3319: gcc-3.4 -c -g  conftest.c >&5
configure:3325: $? = 0
configure:3424: result: yes
configure:3441: checking for gcc-3.4 option to accept ISO C89
configure:3515: gcc-3.4  -c -g -O2  conftest.c >&5
configure:3521: $? = 0
configure:3544: result: none needed
configure:3573: checking for style of include used by make
configure:3601: result: GNU
configure:3626: checking dependency style of gcc-3.4
configure:3717: result: gcc3
configure:3737: checking how to run the C preprocessor
configure:3777: gcc-3.4 -E  conftest.c
configure:3783: $? = 0
configure:3814: gcc-3.4 -E  conftest.c
conftest.c:11:28: ac_nonexistent.h: No such file or directory
configure:3820: $? = 1
configure: failed program was:
| /* confdefs.h.  */
| #define PACKAGE_NAME ""
| #define PACKAGE_TARNAME ""
| #define PACKAGE_VERSION ""
| #define PACKAGE_STRING ""
| #define PACKAGE_BUGREPORT ""
| #define _GNU_SOURCE 1
| #define PACKAGE "mednafen_mmmencode"
| #define VERSION "0.0.1"
| /* end confdefs.h.  */
| #include <ac_nonexistent.h>
configure:3853: result: gcc-3.4 -E
configure:3882: gcc-3.4 -E  conftest.c
configure:3888: $? = 0
configure:3919: gcc-3.4 -E  conftest.c
conftest.c:11:28: ac_nonexistent.h: No such file or directory
configure:3925: $? = 1
configure: failed program was:
| /* confdefs.h.  */
| #define PACKAGE_NAME ""
| #define PACKAGE_TARNAME ""
| #define PACKAGE_VERSION ""
| #define PACKAGE_STRING ""
| #define PACKAGE_BUGREPORT ""
| #define _GNU_SOURCE 1
| #define PACKAGE "mednafen_mmmencode"
| #define VERSION "0.0.1"
| /* end confdefs.h.  */
| #include <ac_nonexistent.h>
configure:3971: checking dependency style of gcc-3.4
configure:4062: result: gcc3
configure:4078: checking whether gcc-3.4 and cc understand -c and -o together
configure:4113: gcc-3.4 -c conftest.c -o conftest2.o >&5
configure:4116: $? = 0
configure:4122: gcc-3.4 -c conftest.c -o conftest2.o >&5
configure:4125: $? = 0
configure:4136: cc -c conftest.c >&5
configure:4139: $? = 0
configure:4147: cc -c conftest.c -o conftest2.o >&5
configure:4150: $? = 0
configure:4156: cc -c conftest.c -o conftest2.o >&5
configure:4159: $? = 0
configure:4177: result: yes
configure:4319: checking for C++ compiler version
configure:4326: g++-3.4 --version >&5
g++-3.4 (GCC) 3.4.6 (Ubuntu 3.4.6-6ubuntu5)
Copyright (C) 2006 Free Software Foundation, Inc.
This is free software; see the source for copying conditions.  There is NO
warranty; not even for MERCHANTABILITY or FITNESS FOR A PARTICULAR PURPOSE.

configure:4329: $? = 0
configure:4336: g++-3.4 -v >&5
Reading specs from /usr/lib/gcc/x86_64-linux-gnu/3.4.6/specs
Configured with: ../src/configure -v --enable-languages=c,c++,f77,pascal --prefix=/usr --libexecdir=/usr/lib --with-gxx-include-dir=/usr/include/c++/3.4 --enable-shared --with-system-zlib --enable-nls --without-included-gettext --program-suffix=-3.4 --enable-__cxa_atexit --enable-clocale=gnu --enable-libstdcxx-debug x86_64-linux-gnu
Thread model: posix
gcc version 3.4.6 (Ubuntu 3.4.6-6ubuntu5)
configure:4339: $? = 0
configure:4346: g++-3.4 -V >&5
g++-3.4: `-V' option must have argument
configure:4349: $? = 1
configure:4352: checking whether we are using the GNU C++ compiler
configure:4381: g++-3.4 -c   conftest.cpp >&5
configure:4387: $? = 0
configure:4404: result: yes
configure:4409: checking whether g++-3.4 accepts -g
configure:4439: g++-3.4 -c -g  conftest.cpp >&5
configure:4445: $? = 0
configure:4544: result: yes
configure:4569: checking dependency style of g++-3.4
configure:4660: result: gcc3
configure:4680: checking how to run the C++ preprocessor
configure:4716: g++-3.4 -E  conftest.cpp
configure:4722: $? = 0
configure:4753: g++-3.4 -E  conftest.cpp
conftest.cpp:11:28: ac_nonexistent.h: No such file or directory
configure:4759: $? = 1
configure: failed program was:
| /* confdefs.h.  */
| #define PACKAGE_NAME ""
| #define PACKAGE_TARNAME ""
| #define PACKAGE_VERSION ""
| #define PACKAGE_STRING ""
| #define PACKAGE_BUGREPORT ""
| #define _GNU_SOURCE 1
| #define PACKAGE "mednafen_mmmencode"
| #define VERSION "0.0.1"
| /* end confdefs.h.  */
| #include <ac_nonexistent.h>
configure:4792: result: g++-3.4 -E
configure:4821: g++-3.4 -E  conftest.cpp
configure:4827: $? = 0
configure:4858: g++-3.4 -E  conftest.cpp
conftest.cpp:11:28: ac_nonexistent.h: No such file or directory
configure:4864: $? = 1
configure: failed program was:
| /* confdefs.h.  */
| #define PACKAGE_NAME ""
| #define PACKAGE_TARNAME ""
| #define PACKAGE_VERSION ""
| #define PACKAGE_STRING ""
| #define PACKAGE_BUGREPORT ""
| #define _GNU_SOURCE 1
| #define PACKAGE "mednafen_mmmencode"
| #define VERSION "0.0.1"
| /* end confdefs.h.  */
| #include <ac_nonexistent.h>
configure:4979: checking for a sed that does not truncate output
configure:5035: result: /bin/sed
configure:5038: checking for grep that handles long lines and -e
configure:5112: result: /bin/grep
configure:5117: checking for egrep
configure:5195: result: /bin/grep -E
configure:5211: checking for ld used by gcc-3.4
configure:5278: result: /usr/bin/ld
configure:5287: checking if the linker (/usr/bin/ld) is GNU ld
configure:5302: result: yes
configure:5307: checking for /usr/bin/ld option to reload object files
configure:5314: result: -r
configure:5332: checking for BSD-compatible nm
configure:5381: result: /usr/bin/nm -B
configure:5385: checking whether ln -s works
configure:5389: result: yes
configure:5396: checking how to recognize dependent libraries
configure:5582: result: pass_all
configure:5672: g++-3.4 -c -g -O2  conftest.cpp >&5
configure:5675: $? = 0
configure:5824: checking for ANSI C header files
configure:5854: g++-3.4 -c -g -O2  conftest.cpp >&5
configure:5860: $? = 0
configure:5959: g++-3.4 -o conftest -g -O2   conftest.cpp  >&5
configure:5962: $? = 0
configure:5968: ./conftest
configure:5971: $? = 0
configure:5988: result: yes
configure:6012: checking for sys/types.h
configure:6033: g++-3.4 -c -g -O2  conftest.cpp >&5
configure:6039: $? = 0
configure:6055: result: yes
configure:6012: checking for sys/stat.h
configure:6033: g++-3.4 -c -g -O2  conftest.cpp >&5
configure:6039: $? = 0
configure:6055: result: yes
configure:6012: checking for stdlib.h
configure:6033: g++-3.4 -c -g -O2  conftest.cpp >&5
configure:6039: $? = 0
configure:6055: result: yes
configure:6012: checking for string.h
configure:6033: g++-3.4 -c -g -O2  conftest.cpp >&5
configure:6039: $? = 0
configure:6055: result: yes
configure:6012: checking for memory.h
configure:6033: g++-3.4 -c -g -O2  conftest.cpp >&5
configure:6039: $? = 0
configure:6055: result: yes
configure:6012: checking for strings.h
configure:6033: g++-3.4 -c -g -O2  conftest.cpp >&5
configure:6039: $? = 0
configure:6055: result: yes
configure:6012: checking for inttypes.h
configure:6033: g++-3.4 -c -g -O2  conftest.cpp >&5
configure:6039: $? = 0
configure:6055: result: yes
configure:6012: checking for stdint.h
configure:6033: g++-3.4 -c -g -O2  conftest.cpp >&5
configure:6039: $? = 0
configure:6055: result: yes
configure:6012: checking for unistd.h
configure:6033: g++-3.4 -c -g -O2  conftest.cpp >&5
configure:6039: $? = 0
configure:6055: result: yes
configure:6082: checking dlfcn.h usability
configure:6099: g++-3.4 -c -g -O2  conftest.cpp >&5
configure:6105: $? = 0
configure:6119: result: yes
configure:6123: checking dlfcn.h presence
configure:6138: g++-3.4 -E  conftest.cpp
configure:6144: $? = 0
configure:6158: result: yes
configure:6186: checking for dlfcn.h
configure:6194: result: yes
configure:6217: checking how to run the C++ preprocessor
configure:6329: result: g++-3.4 -E
configure:6358: g++-3.4 -E  conftest.cpp
configure:6364: $? = 0
configure:6395: g++-3.4 -E  conftest.cpp
conftest.cpp:22:28: ac_nonexistent.h: No such file or directory
configure:6401: $? = 1
configure: failed program was:
| /* confdefs.h.  */
| #define PACKAGE_NAME ""
| #define PACKAGE_TARNAME ""
| #define PACKAGE_VERSION ""
| #define PACKAGE_STRING ""
| #define PACKAGE_BUGREPORT ""
| #define _GNU_SOURCE 1
| #define PACKAGE "mednafen_mmmencode"
| #define VERSION "0.0.1"
| #define STDC_HEADERS 1
| #define HAVE_SYS_TYPES_H 1
| #define HAVE_SYS_STAT_H 1
| #define HAVE_STDLIB_H 1
| #define HAVE_STRING_H 1
| #define HAVE_MEMORY_H 1
| #define HAVE_STRINGS_H 1
| #define HAVE_INTTYPES_H 1
| #define HAVE_STDINT_H 1
| #define HAVE_UNISTD_H 1
| #define HAVE_DLFCN_H 1
| /* end confdefs.h.  */
| #include <ac_nonexistent.h>
configure:6493: checking for g77
configure:6523: result: no
configure:6493: checking for xlf
configure:6523: result: no
configure:6493: checking for f77
configure:6523: result: no
configure:6493: checking for frt
configure:6523: result: no
configure:6493: checking for pgf77
configure:6523: result: no
configure:6493: checking for cf77
configure:6523: result: no
configure:6493: checking for fort77
configure:6523: result: no
configure:6493: checking for fl32
configure:6523: result: no
configure:6493: checking for af77
configure:6523: result: no
configure:6493: checking for xlf90
configure:6523: result: no
configure:6493: checking for f90
configure:6523: result: no
configure:6493: checking for pgf90
configure:6523: result: no
configure:6493: checking for pghpf
configure:6523: result: no
configure:6493: checking for epcf90
configure:6523: result: no
configure:6493: checking for gfortran
configure:6523: result: no
configure:6493: checking for g95
configure:6523: result: no
configure:6493: checking for xlf95
configure:6523: result: no
configure:6493: checking for f95
configure:6523: result: no
configure:6493: checking for fort
configure:6523: result: no
configure:6493: checking for ifort
configure:6523: result: no
configure:6493: checking for ifc
configure:6523: result: no
configure:6493: checking for efc
configure:6523: result: no
configure:6493: checking for pgf95
configure:6523: result: no
configure:6493: checking for lf95
configure:6523: result: no
configure:6493: checking for ftn
configure:6523: result: no
configure:6550: checking for Fortran 77 compiler version
configure:6557:  --version >&5
./configure: line 6558: --version: command not found
configure:6560: $? = 127
configure:6567:  -v >&5
./configure: line 6568: -v: command not found
configure:6570: $? = 127
configure:6577:  -V >&5
./configure: line 6578: -V: command not found
configure:6580: $? = 127
configure:6588: checking whether we are using the GNU Fortran 77 compiler
configure:6607:  -c  conftest.F >&5
./configure: line 6608: -c: command not found
configure:6613: $? = 127
configure: failed program was:
|       program main
| #ifndef __GNUC__
|        choke me
| #endif
| 
|       end
configure:6630: result: no
configure:6636: checking whether  accepts -g
configure:6653:  -c -g conftest.f >&5
./configure: line 6654: -c: command not found
configure:6659: $? = 127
configure: failed program was:
|       program main
| 
|       end
configure:6675: result: no
configure:6704: checking the maximum length of command line arguments
configure:6816: result: 98304
configure:6828: checking command to parse /usr/bin/nm -B output from gcc-3.4 object
configure:6933: g++-3.4 -c -g -O2  conftest.cpp >&5
configure:6936: $? = 0
configure:6940: /usr/bin/nm -B conftest.o \| sed -n -e 's/^.*[ 	]\([ABCDGIRSTW][ABCDGIRSTW]*\)[ 	][ 	]*\([_A-Za-z][_A-Za-z0-9]*\)$/\1 \2 \2/p' \> conftest.nm
configure:6943: $? = 0
configure:6995: g++-3.4 -o conftest -g -O2   conftest.cpp conftstm.o >&5
configure:6998: $? = 0
configure:7036: result: ok
configure:7040: checking for objdir
configure:7055: result: .libs
configure:7147: checking for ar
configure:7163: found /usr/bin/ar
configure:7174: result: ar
configure:7243: checking for ranlib
configure:7259: found /usr/bin/ranlib
configure:7270: result: ranlib
configure:7339: checking for strip
configure:7355: found /usr/bin/strip
configure:7366: result: strip
configure:7964: checking if gcc-3.4 supports -fno-rtti -fno-exceptions
configure:7982: gcc-3.4 -c -g -O2  -fno-rtti -fno-exceptions conftest.c >&5
cc1: warning: command line option "-fno-rtti" is valid for C++/ObjC++ but not for C
configure:7986: $? = 0
configure:7999: result: no
configure:8014: checking for gcc-3.4 option to produce PIC
configure:8246: result: -fPIC
configure:8254: checking if gcc-3.4 PIC flag -fPIC works
configure:8272: gcc-3.4 -c -g -O2  -fPIC -DPIC conftest.c >&5
configure:8276: $? = 0
configure:8289: result: yes
configure:8317: checking if gcc-3.4 static flag -static works
configure:8345: result: yes
configure:8355: checking if gcc-3.4 supports -c -o file.o
configure:8376: gcc-3.4 -c -g -O2  -o out/conftest2.o conftest.c >&5
configure:8380: $? = 0
configure:8402: result: yes
configure:8428: checking whether the gcc-3.4 linker (/usr/bin/ld -m elf_x86_64) supports shared libraries
configure:9409: result: yes
configure:9430: checking whether -lc should be explicitly linked in
configure:9435: gcc-3.4 -c -g -O2  conftest.c >&5
configure:9438: $? = 0
configure:9453: gcc-3.4 -shared conftest.o  -v -Wl,-soname -Wl,conftest -o conftest 2\>\&1 \| grep  -lc  \>/dev/null 2\>\&1
configure:9456: $? = 0
configure:9468: result: no
configure:9476: checking dynamic linker characteristics
configure:10090: result: GNU/Linux ld.so
configure:10114: checking how to hardcode library paths into programs
configure:10139: result: immediate
configure:10153: checking whether stripping libraries is possible
configure:10158: result: yes
configure:10960: checking if libtool supports shared libraries
configure:10962: result: yes
configure:10965: checking whether to build shared libraries
configure:10986: result: yes
configure:10989: checking whether to build static libraries
configure:10993: result: yes
configure:11087: creating libtool
configure:11680: checking for ld used by g++-3.4
configure:11747: result: /usr/bin/ld -m elf_x86_64
configure:11756: checking if the linker (/usr/bin/ld -m elf_x86_64) is GNU ld
configure:11771: result: yes
configure:11822: checking whether the g++-3.4 linker (/usr/bin/ld -m elf_x86_64) supports shared libraries
configure:12768: result: yes
configure:12785: g++-3.4 -c -g -O2  conftest.cpp >&5
configure:12788: $? = 0
configure:12944: checking for g++-3.4 option to produce PIC
configure:13228: result: -fPIC
configure:13236: checking if g++-3.4 PIC flag -fPIC works
configure:13254: g++-3.4 -c -g -O2  -fPIC -DPIC conftest.cpp >&5
configure:13258: $? = 0
configure:13271: result: yes
configure:13299: checking if g++-3.4 static flag -static works
configure:13327: result: yes
configure:13337: checking if g++-3.4 supports -c -o file.o
configure:13358: g++-3.4 -c -g -O2  -o out/conftest2.o conftest.cpp >&5
configure:13362: $? = 0
configure:13384: result: yes
configure:13410: checking whether the g++-3.4 linker (/usr/bin/ld -m elf_x86_64) supports shared libraries
configure:13439: result: yes
configure:13506: checking dynamic linker characteristics
configure:14068: result: GNU/Linux ld.so
configure:14092: checking how to hardcode library paths into programs
configure:14117: result: immediate
configure:20377: checking for a BSD-compatible install
configure:20433: result: /usr/bin/install -c
configure:20446: checking for ptrdiff_t
configure:20476: g++-3.4 -c -g -O2  conftest.cpp >&5
configure:20482: $? = 0
configure:20497: result: yes
configure:20509: checking for size_t
configure:20539: g++-3.4 -c -g -O2  conftest.cpp >&5
configure:20545: $? = 0
configure:20560: result: yes
configure:20572: checking for short
configure:20602: g++-3.4 -c -g -O2  conftest.cpp >&5
configure:20608: $? = 0
configure:20623: result: yes
configure:20630: checking size of short
configure:20932: g++-3.4 -o conftest -g -O2   conftest.cpp  >&5
configure:20935: $? = 0
configure:20941: ./conftest
configure:20944: $? = 0
configure:20967: result: 2
configure:20977: checking for int
configure:21007: g++-3.4 -c -g -O2  conftest.cpp >&5
configure:21013: $? = 0
configure:21028: result: yes
configure:21035: checking size of int
configure:21337: g++-3.4 -o conftest -g -O2   conftest.cpp  >&5
configure:21340: $? = 0
configure:21346: ./conftest
configure:21349: $? = 0
configure:21372: result: 4
configure:21382: checking for long
configure:21412: g++-3.4 -c -g -O2  conftest.cpp >&5
configure:21418: $? = 0
configure:21433: result: yes
configure:21440: checking size of long
configure:21742: g++-3.4 -o conftest -g -O2   conftest.cpp  >&5
configure:21745: $? = 0
configure:21751: ./conftest
configure:21754: $? = 0
configure:21777: result: 8
configure:21787: checking for long long
configure:21817: g++-3.4 -c -g -O2  conftest.cpp >&5
configure:21823: $? = 0
configure:21838: result: yes
configure:21845: checking size of long long
configure:22147: g++-3.4 -o conftest -g -O2   conftest.cpp  >&5
configure:22150: $? = 0
configure:22156: ./conftest
configure:22159: $? = 0
configure:22182: result: 8
configure:22192: checking for double
configure:22222: g++-3.4 -c -g -O2  conftest.cpp >&5
configure:22228: $? = 0
configure:22243: result: yes
configure:22250: checking size of double
configure:22552: g++-3.4 -o conftest -g -O2   conftest.cpp  >&5
configure:22555: $? = 0
configure:22561: ./conftest
configure:22564: $? = 0
configure:22587: result: 8
configure:22597: checking for __int64
configure:22627: g++-3.4 -c -g -O2  conftest.cpp >&5
conftest.cpp:60: error: `__int64' does not name a type
conftest.cpp: In function `int main()':
conftest.cpp:64: error: `ac__type_new_' was not declared in this scope
conftest.cpp:64: error: expected primary-expression before ')' token
conftest.cpp:64: error: expected `)' before numeric constant
conftest.cpp:66: error: `ac__type_new_' was not declared in this scope
configure:22633: $? = 1
configure: failed program was:
| /* confdefs.h.  */
| #define PACKAGE_NAME ""
| #define PACKAGE_TARNAME ""
| #define PACKAGE_VERSION ""
| #define PACKAGE_STRING ""
| #define PACKAGE_BUGREPORT ""
| #define _GNU_SOURCE 1
| #define PACKAGE "mednafen_mmmencode"
| #define VERSION "0.0.1"
| #define STDC_HEADERS 1
| #define HAVE_SYS_TYPES_H 1
| #define HAVE_SYS_STAT_H 1
| #define HAVE_STDLIB_H 1
| #define HAVE_STRING_H 1
| #define HAVE_MEMORY_H 1
| #define HAVE_STRINGS_H 1
| #define HAVE_INTTYPES_H 1
| #define HAVE_STDINT_H 1
| #define HAVE_UNISTD_H 1
| #define HAVE_DLFCN_H 1
| #define SIZEOF_SHORT 2
| #define SIZEOF_INT 4
| #define SIZEOF_LONG 8
| #define SIZEOF_LONG_LONG 8
| #define SIZEOF_DOUBLE 8
| /* end confdefs.h.  */
| #include <stdio.h>
| #ifdef HAVE_SYS_TYPES_H
| # include <sys/types.h>
| #endif
| #ifdef HAVE_SYS_STAT_H
| # include <sys/stat.h>
| #endif
| #ifdef STDC_HEADERS
| # include <stdlib.h>
| # include <stddef.h>
| #else
| # ifdef HAVE_STDLIB_H
| #  include <stdlib.h>
| # endif
| #endif
| #ifdef HAVE_STRING_H
| # if !defined STDC_HEADERS && defined HAVE_MEMORY_H
| #  include <memory.h>
| # endif
| # include <string.h>
| #endif
| #ifdef HAVE_STRINGS_H
| # include <strings.h>
| #endif
| #ifdef HAVE_INTTYPES_H
| # include <inttypes.h>
| #endif
| #ifdef HAVE_STDINT_H
| # include <stdint.h>
| #endif
| #ifdef HAVE_UNISTD_H
| # include <unistd.h>
| #endif
| typedef __int64 ac__type_new_;
| int
| main ()
| {
| if ((ac__type_new_ *) 0)
|   return 0;
| if (sizeof (ac__type_new_))
|   return 0;
|   ;
|   return 0;
| }
configure:22648: result: no
configure:22655: checking size of __int64
configure:22957: g++-3.4 -o conftest -g -O2   conftest.cpp  >&5
conftest.cpp:60: error: `__int64' does not name a type
conftest.cpp: In function `long int longval()':
conftest.cpp:61: error: `ac__type_sizeof_' was not declared in this scope
conftest.cpp: In function `long unsigned int ulongval()':
conftest.cpp:62: error: `ac__type_sizeof_' was not declared in this scope
conftest.cpp: In function `int main()':
conftest.cpp:72: error: `ac__type_sizeof_' was not declared in this scope
configure:22960: $? = 1
configure: program exited with status 1
configure: failed program was:
| /* confdefs.h.  */
| #define PACKAGE_NAME ""
| #define PACKAGE_TARNAME ""
| #define PACKAGE_VERSION ""
| #define PACKAGE_STRING ""
| #define PACKAGE_BUGREPORT ""
| #define _GNU_SOURCE 1
| #define PACKAGE "mednafen_mmmencode"
| #define VERSION "0.0.1"
| #define STDC_HEADERS 1
| #define HAVE_SYS_TYPES_H 1
| #define HAVE_SYS_STAT_H 1
| #define HAVE_STDLIB_H 1
| #define HAVE_STRING_H 1
| #define HAVE_MEMORY_H 1
| #define HAVE_STRINGS_H 1
| #define HAVE_INTTYPES_H 1
| #define HAVE_STDINT_H 1
| #define HAVE_UNISTD_H 1
| #define HAVE_DLFCN_H 1
| #define SIZEOF_SHORT 2
| #define SIZEOF_INT 4
| #define SIZEOF_LONG 8
| #define SIZEOF_LONG_LONG 8
| #define SIZEOF_DOUBLE 8
| /* end confdefs.h.  */
| #include <stdio.h>
| #ifdef HAVE_SYS_TYPES_H
| # include <sys/types.h>
| #endif
| #ifdef HAVE_SYS_STAT_H
| # include <sys/stat.h>
| #endif
| #ifdef STDC_HEADERS
| # include <stdlib.h>
| # include <stddef.h>
| #else
| # ifdef HAVE_STDLIB_H
| #  include <stdlib.h>
| # endif
| #endif
| #ifdef HAVE_STRING_H
| # if !defined STDC_HEADERS && defined HAVE_MEMORY_H
| #  include <memory.h>
| # endif
| # include <string.h>
| #endif
| #ifdef HAVE_STRINGS_H
| # include <strings.h>
| #endif
| #ifdef HAVE_INTTYPES_H
| # include <inttypes.h>
| #endif
| #ifdef HAVE_STDINT_H
| # include <stdint.h>
| #endif
| #ifdef HAVE_UNISTD_H
| # include <unistd.h>
| #endif
|    typedef __int64 ac__type_sizeof_;
| static long int longval () { return (long int) (sizeof (ac__type_sizeof_)); }
| static unsigned long int ulongval () { return (long int) (sizeof (ac__type_sizeof_)); }
| #include <stdio.h>
| #include <stdlib.h>
| int
| main ()
| {
| 
|   FILE *f = fopen ("conftest.val", "w");
|   if (! f)
|     return 1;
|   if (((long int) (sizeof (ac__type_sizeof_))) < 0)
|     {
|       long int i = longval ();
|       if (i != ((long int) (sizeof (ac__type_sizeof_))))
| 	return 1;
|       fprintf (f, "%ld\n", i);
|     }
|   else
|     {
|       unsigned long int i = ulongval ();
|       if (i != ((long int) (sizeof (ac__type_sizeof_))))
| 	return 1;
|       fprintf (f, "%lu\n", i);
|     }
|   return ferror (f) || fclose (f) != 0;
| 
|   ;
|   return 0;
| }
configure:22992: result: 0
configure:23002: checking for void *
configure:23032: g++-3.4 -c -g -O2  conftest.cpp >&5
configure:23038: $? = 0
configure:23053: result: yes
configure:23060: checking size of void *
configure:23362: g++-3.4 -o conftest -g -O2   conftest.cpp  >&5
configure:23365: $? = 0
configure:23371: ./conftest
configure:23374: $? = 0
configure:23397: result: 8
configure:23407: checking for size_t
configure:23458: result: yes
configure:23465: checking size of size_t
configure:23767: g++-3.4 -o conftest -g -O2   conftest.cpp  >&5
configure:23770: $? = 0
configure:23776: ./conftest
configure:23779: $? = 0
configure:23802: result: 8
configure:23812: checking for ptrdiff_t
configure:23863: result: yes
configure:23870: checking size of ptrdiff_t
configure:24172: g++-3.4 -o conftest -g -O2   conftest.cpp  >&5
configure:24175: $? = 0
configure:24181: ./conftest
configure:24184: $? = 0
configure:24207: result: 8
configure:24217: checking for an ANSI C-conforming const
configure:24292: g++-3.4 -c -g -O2  conftest.cpp >&5
configure:24298: $? = 0
configure:24313: result: yes
configure:24338: checking for memcmp
configure:24394: g++-3.4 -o conftest -g -O2   conftest.cpp  >&5
configure:24400: $? = 0
configure:24418: result: yes
configure:24338: checking for memcpy
configure:24394: g++-3.4 -o conftest -g -O2   conftest.cpp  >&5
configure:24400: $? = 0
configure:24418: result: yes
configure:24338: checking for memmove
configure:24394: g++-3.4 -o conftest -g -O2   conftest.cpp  >&5
configure:24400: $? = 0
configure:24418: result: yes
configure:24338: checking for memset
configure:24394: g++-3.4 -o conftest -g -O2   conftest.cpp  >&5
configure:24400: $? = 0
configure:24418: result: yes
configure:24338: checking for mmap
configure:24394: g++-3.4 -o conftest -g -O2   conftest.cpp  >&5
configure:24400: $? = 0
configure:24418: result: yes
configure:24338: checking for munmap
configure:24394: g++-3.4 -o conftest -g -O2   conftest.cpp  >&5
configure:24400: $? = 0
configure:24418: result: yes
configure:24338: checking for madvise
configure:24394: g++-3.4 -o conftest -g -O2   conftest.cpp  >&5
configure:24400: $? = 0
configure:24418: result: yes
configure:24338: checking for signal
configure:24394: g++-3.4 -o conftest -g -O2   conftest.cpp  >&5
configure:24400: $? = 0
configure:24418: result: yes
configure:24338: checking for fcntl
configure:24394: g++-3.4 -o conftest -g -O2   conftest.cpp  >&5
configure:24400: $? = 0
configure:24418: result: yes
configure:24338: checking for getenv
configure:24394: g++-3.4 -o conftest -g -O2   conftest.cpp  >&5
configure:24400: $? = 0
configure:24418: result: yes
configure:24338: checking for putenv
configure:24394: g++-3.4 -o conftest -g -O2   conftest.cpp  >&5
configure:24400: $? = 0
configure:24418: result: yes
configure:24338: checking for setenv
configure:24394: g++-3.4 -o conftest -g -O2   conftest.cpp  >&5
configure:24400: $? = 0
configure:24418: result: yes
configure:24444: checking fcntl.h usability
configure:24461: g++-3.4 -c -g -O2  conftest.cpp >&5
configure:24467: $? = 0
configure:24481: result: yes
configure:24485: checking fcntl.h presence
configure:24500: g++-3.4 -E  conftest.cpp
configure:24506: $? = 0
configure:24520: result: yes
configure:24548: checking for fcntl.h
configure:24556: result: yes
configure:24618: checking for pkg-config
configure:24636: found /usr/bin/pkg-config
configure:24648: result: /usr/bin/pkg-config
configure:24677: checking pkg-config is at least version 0.9.0
configure:24680: result: yes
configure:24736: checking for ld used by GCC
configure:24800: result: /usr/bin/ld -m elf_x86_64
configure:24809: checking if the linker (/usr/bin/ld -m elf_x86_64) is GNU ld
configure:24822: result: yes
configure:24829: checking for shared library run path origin
configure:24842: result: done
configure:25350: checking for iconv
configure:25382: g++-3.4 -o conftest -g -O2   conftest.cpp  >&5
configure:25388: $? = 0
configure:25458: result: yes
configure:25461: checking for working iconv
configure:25547: g++-3.4 -o conftest -g -O2   conftest.cpp  >&5
configure:25550: $? = 0
configure:25556: ./conftest
configure:25559: $? = 0
configure:25577: result: yes
configure:25607: checking for iconv declaration
configure:25646: g++-3.4 -c -g -O2  conftest.cpp >&5
configure:25652: $? = 0
configure:25671: result: 
         extern size_t iconv (iconv_t cd, char * *inbuf, size_t *inbytesleft, char * *outbuf, size_t *outbytesleft);
configure:25682: checking whether NLS is requested
configure:25691: result: yes
configure:25732: checking for msgfmt
configure: trying /usr/bin/msgfmt...
0 translated messages.
configure:25764: result: /usr/bin/msgfmt
configure:25773: checking for gmsgfmt
configure:25804: result: /usr/bin/msgfmt
configure:25855: checking for xgettext
configure: trying /usr/bin/xgettext...
/usr/bin/xgettext: warning: file `/dev/null' extension `' is unknown; will try C
configure:25887: result: /usr/bin/xgettext
configure:25933: checking for msgmerge
configure: trying /usr/bin/msgmerge...
configure:25964: result: /usr/bin/msgmerge
configure:25982: checking whether we are using the GNU C Library 2 or newer
configure:26013: result: yes
configure:26062: checking for ranlib
configure:26089: result: ranlib
configure:26120: checking for simple visibility declarations
configure:26152: g++-3.4 -c -g -O2  conftest.cpp >&5
configure:26158: $? = 0
configure:26175: result: yes
configure:26190: checking for inline
configure:26216: g++-3.4 -c -g -O2  conftest.cpp >&5
configure:26222: $? = 0
configure:26240: result: inline
configure:26260: checking for stdint.h
configure:26287: g++-3.4 -c -g -O2  conftest.cpp >&5
configure:26293: $? = 0
configure:26308: result: yes
configure:26320: checking for working alloca.h
configure:26347: g++-3.4 -o conftest -g -O2   conftest.cpp  >&5
configure:26353: $? = 0
configure:26370: result: yes
configure:26380: checking for alloca
configure:26427: g++-3.4 -o conftest -g -O2   conftest.cpp  >&5
configure:26433: $? = 0
configure:26450: result: yes
configure:26683: checking for stdlib.h
configure:26689: result: yes
configure:26683: checking for unistd.h
configure:26689: result: yes
configure:26822: checking for getpagesize
configure:26878: g++-3.4 -o conftest -g -O2   conftest.cpp  >&5
configure:26884: $? = 0
configure:26902: result: yes
configure:26912: checking for working mmap
configure:27059: g++-3.4 -o conftest -g -O2   conftest.cpp  >&5
configure:27062: $? = 0
configure:27068: ./conftest
configure:27071: $? = 0
configure:27087: result: yes
configure:27100: checking whether integer division by zero raises SIGFPE
configure:27176: g++-3.4 -o conftest -g -O2   conftest.cpp  >&5
configure:27179: $? = 0
configure:27185: ./conftest
configure:27188: $? = 0
configure:27206: result: yes
configure:27219: checking for inttypes.h
configure:27246: g++-3.4 -c -g -O2  conftest.cpp >&5
configure:27252: $? = 0
configure:27267: result: yes
configure:27278: checking for unsigned long long int
configure:27328: g++-3.4 -o conftest -g -O2   conftest.cpp  >&5
configure:27334: $? = 0
configure:27351: result: yes
configure:27388: checking for inttypes.h
configure:27394: result: yes
configure:27524: checking whether the inttypes.h PRIxNN macros are broken
configure:27555: g++-3.4 -c -g -O2  conftest.cpp >&5
configure:27561: $? = 0
configure:27577: result: no
configure:27593: checking for AIX
configure:27615: result: no
configure:27631: checking minix/config.h usability
configure:27648: g++-3.4 -c -g -O2  conftest.cpp >&5
conftest.cpp:93:26: minix/config.h: No such file or directory
configure:27654: $? = 1
configure: failed program was:
| /* confdefs.h.  */
| #define PACKAGE_NAME ""
| #define PACKAGE_TARNAME ""
| #define PACKAGE_VERSION ""
| #define PACKAGE_STRING ""
| #define PACKAGE_BUGREPORT ""
| #define _GNU_SOURCE 1
| #define PACKAGE "mednafen_mmmencode"
| #define VERSION "0.0.1"
| #define STDC_HEADERS 1
| #define HAVE_SYS_TYPES_H 1
| #define HAVE_SYS_STAT_H 1
| #define HAVE_STDLIB_H 1
| #define HAVE_STRING_H 1
| #define HAVE_MEMORY_H 1
| #define HAVE_STRINGS_H 1
| #define HAVE_INTTYPES_H 1
| #define HAVE_STDINT_H 1
| #define HAVE_UNISTD_H 1
| #define HAVE_DLFCN_H 1
| #define SIZEOF_SHORT 2
| #define SIZEOF_INT 4
| #define SIZEOF_LONG 8
| #define SIZEOF_LONG_LONG 8
| #define SIZEOF_DOUBLE 8
| #define SIZEOF___INT64 0
| #define SIZEOF_VOID_P 8
| #define SIZEOF_SIZE_T 8
| #define SIZEOF_PTRDIFF_T 8
| #define HAVE_MEMCMP 1
| #define HAVE_MEMCPY 1
| #define HAVE_MEMMOVE 1
| #define HAVE_MEMSET 1
| #define HAVE_MMAP 1
| #define HAVE_MUNMAP 1
| #define HAVE_MADVISE 1
| #define HAVE_SIGNAL 1
| #define HAVE_FCNTL 1
| #define HAVE_GETENV 1
| #define HAVE_PUTENV 1
| #define HAVE_SETENV 1
| #define HAVE_FCNTL_H 1
| #define MINILZO_HAVE_CONFIG_H 1
| #define HAVE_ICONV 1
| #define ICONV_CONST 
| #define HAVE_VISIBILITY 1
| #define HAVE_STDINT_H_WITH_UINTMAX 1
| #define HAVE_ALLOCA_H 1
| #define HAVE_ALLOCA 1
| #define HAVE_STDLIB_H 1
| #define HAVE_UNISTD_H 1
| #define HAVE_GETPAGESIZE 1
| #define HAVE_MMAP 1
| #define INTDIV0_RAISES_SIGFPE 1
| #define HAVE_INTTYPES_H_WITH_UINTMAX 1
| #define HAVE_UNSIGNED_LONG_LONG_INT 1
| #define HAVE_UINTMAX_T 1
| #define HAVE_INTTYPES_H 1
| /* end confdefs.h.  */
| #include <stdio.h>
| #ifdef HAVE_SYS_TYPES_H
| # include <sys/types.h>
| #endif
| #ifdef HAVE_SYS_STAT_H
| # include <sys/stat.h>
| #endif
| #ifdef STDC_HEADERS
| # include <stdlib.h>
| # include <stddef.h>
| #else
| # ifdef HAVE_STDLIB_H
| #  include <stdlib.h>
| # endif
| #endif
| #ifdef HAVE_STRING_H
| # if !defined STDC_HEADERS && defined HAVE_MEMORY_H
| #  include <memory.h>
| # endif
| # include <string.h>
| #endif
| #ifdef HAVE_STRINGS_H
| # include <strings.h>
| #endif
| #ifdef HAVE_INTTYPES_H
| # include <inttypes.h>
| #endif
| #ifdef HAVE_STDINT_H
| # include <stdint.h>
| #endif
| #ifdef HAVE_UNISTD_H
| # include <unistd.h>
| #endif
| #include <minix/config.h>
configure:27668: result: no
configure:27672: checking minix/config.h presence
configure:27687: g++-3.4 -E  conftest.cpp
conftest.cpp:60:26: minix/config.h: No such file or directory
configure:27693: $? = 1
configure: failed program was:
| /* confdefs.h.  */
| #define PACKAGE_NAME ""
| #define PACKAGE_TARNAME ""
| #define PACKAGE_VERSION ""
| #define PACKAGE_STRING ""
| #define PACKAGE_BUGREPORT ""
| #define _GNU_SOURCE 1
| #define PACKAGE "mednafen_mmmencode"
| #define VERSION "0.0.1"
| #define STDC_HEADERS 1
| #define HAVE_SYS_TYPES_H 1
| #define HAVE_SYS_STAT_H 1
| #define HAVE_STDLIB_H 1
| #define HAVE_STRING_H 1
| #define HAVE_MEMORY_H 1
| #define HAVE_STRINGS_H 1
| #define HAVE_INTTYPES_H 1
| #define HAVE_STDINT_H 1
| #define HAVE_UNISTD_H 1
| #define HAVE_DLFCN_H 1
| #define SIZEOF_SHORT 2
| #define SIZEOF_INT 4
| #define SIZEOF_LONG 8
| #define SIZEOF_LONG_LONG 8
| #define SIZEOF_DOUBLE 8
| #define SIZEOF___INT64 0
| #define SIZEOF_VOID_P 8
| #define SIZEOF_SIZE_T 8
| #define SIZEOF_PTRDIFF_T 8
| #define HAVE_MEMCMP 1
| #define HAVE_MEMCPY 1
| #define HAVE_MEMMOVE 1
| #define HAVE_MEMSET 1
| #define HAVE_MMAP 1
| #define HAVE_MUNMAP 1
| #define HAVE_MADVISE 1
| #define HAVE_SIGNAL 1
| #define HAVE_FCNTL 1
| #define HAVE_GETENV 1
| #define HAVE_PUTENV 1
| #define HAVE_SETENV 1
| #define HAVE_FCNTL_H 1
| #define MINILZO_HAVE_CONFIG_H 1
| #define HAVE_ICONV 1
| #define ICONV_CONST 
| #define HAVE_VISIBILITY 1
| #define HAVE_STDINT_H_WITH_UINTMAX 1
| #define HAVE_ALLOCA_H 1
| #define HAVE_ALLOCA 1
| #define HAVE_STDLIB_H 1
| #define HAVE_UNISTD_H 1
| #define HAVE_GETPAGESIZE 1
| #define HAVE_MMAP 1
| #define INTDIV0_RAISES_SIGFPE 1
| #define HAVE_INTTYPES_H_WITH_UINTMAX 1
| #define HAVE_UNSIGNED_LONG_LONG_INT 1
| #define HAVE_UINTMAX_T 1
| #define HAVE_INTTYPES_H 1
| /* end confdefs.h.  */
| #include <minix/config.h>
configure:27707: result: no
configure:27735: checking for minix/config.h
configure:27742: result: no
configure:27781: checking whether it is safe to define __EXTENSIONS__
configure:27809: g++-3.4 -c -g -O2  conftest.cpp >&5
configure:27815: $? = 0
configure:27830: result: yes
configure:27894: checking whether imported symbols can be declared weak
configure:27919: g++-3.4 -o conftest -g -O2   conftest.cpp  >&5
configure:27925: $? = 0
configure:27941: result: yes
configure:27956: checking pthread.h usability
configure:27973: g++-3.4 -c -g -O2  conftest.cpp >&5
configure:27979: $? = 0
configure:27993: result: yes
configure:27997: checking pthread.h presence
configure:28012: g++-3.4 -E  conftest.cpp
configure:28018: $? = 0
configure:28032: result: yes
configure:28060: checking for pthread.h
configure:28067: result: yes
configure:28108: g++-3.4 -o conftest -g -O2   conftest.cpp  >&5
/tmp/cck7VdcA.o: In function `main':
/home/sarah/mednafen-mmmencode/conftest.cpp:68: undefined reference to `pthread_mutexattr_init'
collect2: ld returned 1 exit status
configure:28114: $? = 1
configure: failed program was:
| /* confdefs.h.  */
| #define PACKAGE_NAME ""
| #define PACKAGE_TARNAME ""
| #define PACKAGE_VERSION ""
| #define PACKAGE_STRING ""
| #define PACKAGE_BUGREPORT ""
| #define _GNU_SOURCE 1
| #define PACKAGE "mednafen_mmmencode"
| #define VERSION "0.0.1"
| #define STDC_HEADERS 1
| #define HAVE_SYS_TYPES_H 1
| #define HAVE_SYS_STAT_H 1
| #define HAVE_STDLIB_H 1
| #define HAVE_STRING_H 1
| #define HAVE_MEMORY_H 1
| #define HAVE_STRINGS_H 1
| #define HAVE_INTTYPES_H 1
| #define HAVE_STDINT_H 1
| #define HAVE_UNISTD_H 1
| #define HAVE_DLFCN_H 1
| #define SIZEOF_SHORT 2
| #define SIZEOF_INT 4
| #define SIZEOF_LONG 8
| #define SIZEOF_LONG_LONG 8
| #define SIZEOF_DOUBLE 8
| #define SIZEOF___INT64 0
| #define SIZEOF_VOID_P 8
| #define SIZEOF_SIZE_T 8
| #define SIZEOF_PTRDIFF_T 8
| #define HAVE_MEMCMP 1
| #define HAVE_MEMCPY 1
| #define HAVE_MEMMOVE 1
| #define HAVE_MEMSET 1
| #define HAVE_MMAP 1
| #define HAVE_MUNMAP 1
| #define HAVE_MADVISE 1
| #define HAVE_SIGNAL 1
| #define HAVE_FCNTL 1
| #define HAVE_GETENV 1
| #define HAVE_PUTENV 1
| #define HAVE_SETENV 1
| #define HAVE_FCNTL_H 1
| #define MINILZO_HAVE_CONFIG_H 1
| #define HAVE_ICONV 1
| #define ICONV_CONST 
| #define HAVE_VISIBILITY 1
| #define HAVE_STDINT_H_WITH_UINTMAX 1
| #define HAVE_ALLOCA_H 1
| #define HAVE_ALLOCA 1
| #define HAVE_STDLIB_H 1
| #define HAVE_UNISTD_H 1
| #define HAVE_GETPAGESIZE 1
| #define HAVE_MMAP 1
| #define INTDIV0_RAISES_SIGFPE 1
| #define HAVE_INTTYPES_H_WITH_UINTMAX 1
| #define HAVE_UNSIGNED_LONG_LONG_INT 1
| #define HAVE_UINTMAX_T 1
| #define HAVE_INTTYPES_H 1
| #define __EXTENSIONS__ 1
| #define _POSIX_PTHREAD_SEMANTICS 1
| #define _TANDEM_SOURCE 1
| /* end confdefs.h.  */
| #include <pthread.h>
| int
| main ()
| {
| pthread_mutex_lock((pthread_mutex_t*)0);
|            pthread_mutexattr_init((pthread_mutexattr_t*)0);
|   ;
|   return 0;
| }
configure:28215: checking for pthread_kill in -lpthread
configure:28250: g++-3.4 -o conftest -g -O2   conftest.cpp -lpthread   >&5
configure:28256: $? = 0
configure:28274: result: yes
configure:28373: checking for pthread_rwlock_t
configure:28404: g++-3.4 -c -g -O2  conftest.cpp >&5
configure:28410: $? = 0
configure:28425: result: yes
configure:28462: g++-3.4 -c -g -O2  conftest.cpp >&5
configure:28468: $? = 0
configure:29142: checking for multithread API to use
configure:29144: result: posix
configure:29182: g++-3.4 -o conftest -g -O2   conftest.cpp  >&5
configure:29188: $? = 0
configure:29228: checking argz.h usability
configure:29245: g++-3.4 -c -g -O2  conftest.cpp >&5
configure:29251: $? = 0
configure:29265: result: yes
configure:29269: checking argz.h presence
configure:29284: g++-3.4 -E  conftest.cpp
configure:29290: $? = 0
configure:29304: result: yes
configure:29332: checking for argz.h
configure:29340: result: yes
configure:29218: checking for inttypes.h
configure:29224: result: yes
configure:29228: checking limits.h usability
configure:29245: g++-3.4 -c -g -O2  conftest.cpp >&5
configure:29251: $? = 0
configure:29265: result: yes
configure:29269: checking limits.h presence
configure:29284: g++-3.4 -E  conftest.cpp
configure:29290: $? = 0
configure:29304: result: yes
configure:29332: checking for limits.h
configure:29340: result: yes
configure:29218: checking for unistd.h
configure:29224: result: yes
configure:29228: checking sys/param.h usability
configure:29245: g++-3.4 -c -g -O2  conftest.cpp >&5
configure:29251: $? = 0
configure:29265: result: yes
configure:29269: checking sys/param.h presence
configure:29284: g++-3.4 -E  conftest.cpp
configure:29290: $? = 0
configure:29304: result: yes
configure:29332: checking for sys/param.h
configure:29340: result: yes
configure:29374: checking for getcwd
configure:29430: g++-3.4 -o conftest -g -O2   conftest.cpp  >&5
configure:29436: $? = 0
configure:29454: result: yes
configure:29374: checking for getegid
configure:29430: g++-3.4 -o conftest -g -O2   conftest.cpp  >&5
configure:29436: $? = 0
configure:29454: result: yes
configure:29374: checking for geteuid
configure:29430: g++-3.4 -o conftest -g -O2   conftest.cpp  >&5
configure:29436: $? = 0
configure:29454: result: yes
configure:29374: checking for getgid
configure:29430: g++-3.4 -o conftest -g -O2   conftest.cpp  >&5
configure:29436: $? = 0
configure:29454: result: yes
configure:29374: checking for getuid
configure:29430: g++-3.4 -o conftest -g -O2   conftest.cpp  >&5
configure:29436: $? = 0
configure:29454: result: yes
configure:29374: checking for mempcpy
configure:29430: g++-3.4 -o conftest -g -O2   conftest.cpp  >&5
configure:29436: $? = 0
configure:29454: result: yes
configure:29374: checking for munmap
configure:29454: result: yes
configure:29374: checking for stpcpy
configure:29430: g++-3.4 -o conftest -g -O2   conftest.cpp  >&5
configure:29436: $? = 0
configure:29454: result: yes
configure:29374: checking for strcasecmp
configure:29430: g++-3.4 -o conftest -g -O2   conftest.cpp  >&5
configure:29436: $? = 0
configure:29454: result: yes
configure:29374: checking for strdup
configure:29430: g++-3.4 -o conftest -g -O2   conftest.cpp  >&5
configure:29436: $? = 0
configure:29454: result: yes
configure:29374: checking for strtoul
configure:29430: g++-3.4 -o conftest -g -O2   conftest.cpp  >&5
configure:29436: $? = 0
configure:29454: result: yes
configure:29374: checking for tsearch
configure:29430: g++-3.4 -o conftest -g -O2   conftest.cpp  >&5
configure:29436: $? = 0
configure:29454: result: yes
configure:29374: checking for argz_count
configure:29430: g++-3.4 -o conftest -g -O2   conftest.cpp  >&5
configure:29436: $? = 0
configure:29454: result: yes
configure:29374: checking for argz_stringify
configure:29430: g++-3.4 -o conftest -g -O2   conftest.cpp  >&5
configure:29436: $? = 0
configure:29454: result: yes
configure:29374: checking for argz_next
configure:29430: g++-3.4 -o conftest -g -O2   conftest.cpp  >&5
configure:29436: $? = 0
configure:29454: result: yes
configure:29374: checking for __fsetlocking
configure:29430: g++-3.4 -o conftest -g -O2   conftest.cpp  >&5
configure:29436: $? = 0
configure:29454: result: yes
configure:29466: checking whether feof_unlocked is declared
configure:29496: g++-3.4 -c -g -O2  conftest.cpp >&5
configure:29502: $? = 0
configure:29517: result: yes
configure:29531: checking whether fgets_unlocked is declared
configure:29561: g++-3.4 -c -g -O2  conftest.cpp >&5
configure:29567: $? = 0
configure:29582: result: yes
configure:29626: checking for iconv
configure:29734: result: yes
configure:29737: checking for working iconv
configure:29853: result: yes
configure:29883: checking for iconv declaration
configure:29947: result: 
         extern size_t iconv (iconv_t cd, char * *inbuf, size_t *inbytesleft, char * *outbuf, size_t *outbytesleft);
configure:29958: checking for NL_LOCALE_NAME macro
configure:29987: g++-3.4 -o conftest -g -O2   conftest.cpp  >&5
configure:29993: $? = 0
configure:30011: result: yes
configure:30025: checking for bison
configure:30041: found /usr/bin/bison
configure:30052: result: bison
configure:30066: checking version of bison
configure:30075: result: 2.3, ok
configure:30083: checking for long long int
configure:30133: g++-3.4 -o conftest -g -O2   conftest.cpp  >&5
configure:30139: $? = 0
configure:30184: g++-3.4 -o conftest -g -O2   conftest.cpp  >&5
configure:30187: $? = 0
configure:30193: ./conftest
configure:30196: $? = 0
configure:30221: result: yes
configure:30232: checking for wchar_t
configure:30259: g++-3.4 -c -g -O2  conftest.cpp >&5
configure:30265: $? = 0
configure:30280: result: yes
configure:30291: checking for wint_t
configure:30326: g++-3.4 -c -g -O2  conftest.cpp >&5
configure:30332: $? = 0
configure:30347: result: yes
configure:30360: checking for intmax_t
configure:30396: g++-3.4 -c -g -O2  conftest.cpp >&5
configure:30402: $? = 0
configure:30417: result: yes
configure:30429: checking whether printf() supports POSIX/XSI format strings
configure:30484: g++-3.4 -o conftest -g -O2   conftest.cpp  >&5
configure:30487: $? = 0
configure:30493: ./conftest
configure:30496: $? = 0
configure:30513: result: yes
configure:30526: checking whether we are using the GNU C Library 2.1 or newer
configure:30557: result: yes
configure:30569: checking for stdint.h
configure:30575: result: yes
configure:30704: checking for SIZE_MAX
configure:31023: g++-3.4 -o conftest -g -O2   conftest.cpp  >&5
configure:31026: $? = 0
configure:31032: ./conftest
configure:31035: $? = 0
configure:31332: g++-3.4 -o conftest -g -O2   conftest.cpp  >&5
configure:31335: $? = 0
configure:31341: ./conftest
configure:31344: $? = 0
configure:31417: result: (((1UL << 63) - 1) * 2 + 1)
configure:31435: checking for stdint.h
configure:31441: result: yes
configure:31572: checking for CFPreferencesCopyAppValue
configure:31600: g++-3.4 -o conftest -g -O2   conftest.cpp  -Wl,-framework -Wl,CoreFoundation >&5
conftest.cpp:102:42: CoreFoundation/CFPreferences.h: No such file or directory
conftest.cpp: In function `int main()':
conftest.cpp:106: error: `NULL' was not declared in this scope
conftest.cpp:106: error: `CFPreferencesCopyAppValue' was not declared in this scope
configure:31606: $? = 1
configure: failed program was:
| /* confdefs.h.  */
| #define PACKAGE_NAME ""
| #define PACKAGE_TARNAME ""
| #define PACKAGE_VERSION ""
| #define PACKAGE_STRING ""
| #define PACKAGE_BUGREPORT ""
| #define _GNU_SOURCE 1
| #define PACKAGE "mednafen_mmmencode"
| #define VERSION "0.0.1"
| #define STDC_HEADERS 1
| #define HAVE_SYS_TYPES_H 1
| #define HAVE_SYS_STAT_H 1
| #define HAVE_STDLIB_H 1
| #define HAVE_STRING_H 1
| #define HAVE_MEMORY_H 1
| #define HAVE_STRINGS_H 1
| #define HAVE_INTTYPES_H 1
| #define HAVE_STDINT_H 1
| #define HAVE_UNISTD_H 1
| #define HAVE_DLFCN_H 1
| #define SIZEOF_SHORT 2
| #define SIZEOF_INT 4
| #define SIZEOF_LONG 8
| #define SIZEOF_LONG_LONG 8
| #define SIZEOF_DOUBLE 8
| #define SIZEOF___INT64 0
| #define SIZEOF_VOID_P 8
| #define SIZEOF_SIZE_T 8
| #define SIZEOF_PTRDIFF_T 8
| #define HAVE_MEMCMP 1
| #define HAVE_MEMCPY 1
| #define HAVE_MEMMOVE 1
| #define HAVE_MEMSET 1
| #define HAVE_MMAP 1
| #define HAVE_MUNMAP 1
| #define HAVE_MADVISE 1
| #define HAVE_SIGNAL 1
| #define HAVE_FCNTL 1
| #define HAVE_GETENV 1
| #define HAVE_PUTENV 1
| #define HAVE_SETENV 1
| #define HAVE_FCNTL_H 1
| #define MINILZO_HAVE_CONFIG_H 1
| #define HAVE_ICONV 1
| #define ICONV_CONST 
| #define HAVE_VISIBILITY 1
| #define HAVE_STDINT_H_WITH_UINTMAX 1
| #define HAVE_ALLOCA_H 1
| #define HAVE_ALLOCA 1
| #define HAVE_STDLIB_H 1
| #define HAVE_UNISTD_H 1
| #define HAVE_GETPAGESIZE 1
| #define HAVE_MMAP 1
| #define INTDIV0_RAISES_SIGFPE 1
| #define HAVE_INTTYPES_H_WITH_UINTMAX 1
| #define HAVE_UNSIGNED_LONG_LONG_INT 1
| #define HAVE_UINTMAX_T 1
| #define HAVE_INTTYPES_H 1
| #define __EXTENSIONS__ 1
| #define _POSIX_PTHREAD_SEMANTICS 1
| #define _TANDEM_SOURCE 1
| #define USE_POSIX_THREADS 1
| #define USE_POSIX_THREADS_WEAK 1
| #define HAVE_PTHREAD_RWLOCK 1
| #define HAVE_PTHREAD_MUTEX_RECURSIVE 1
| #define HAVE_BUILTIN_EXPECT 1
| #define HAVE_ARGZ_H 1
| #define HAVE_INTTYPES_H 1
| #define HAVE_LIMITS_H 1
| #define HAVE_UNISTD_H 1
| #define HAVE_SYS_PARAM_H 1
| #define HAVE_GETCWD 1
| #define HAVE_GETEGID 1
| #define HAVE_GETEUID 1
| #define HAVE_GETGID 1
| #define HAVE_GETUID 1
| #define HAVE_MEMPCPY 1
| #define HAVE_MUNMAP 1
| #define HAVE_STPCPY 1
| #define HAVE_STRCASECMP 1
| #define HAVE_STRDUP 1
| #define HAVE_STRTOUL 1
| #define HAVE_TSEARCH 1
| #define HAVE_ARGZ_COUNT 1
| #define HAVE_ARGZ_STRINGIFY 1
| #define HAVE_ARGZ_NEXT 1
| #define HAVE___FSETLOCKING 1
| #define HAVE_DECL_FEOF_UNLOCKED 1
| #define HAVE_DECL_FGETS_UNLOCKED 1
| #define HAVE_ICONV 1
| #define ICONV_CONST 
| #define HAVE_NL_LOCALE_NAME 1
| #define HAVE_LONG_LONG_INT 1
| #define HAVE_WCHAR_T 1
| #define HAVE_WINT_T 1
| #define HAVE_INTMAX_T 1
| #define HAVE_POSIX_PRINTF 1
| #define HAVE_STDINT_H 1
| #define SIZE_MAX (((1UL << 63) - 1) * 2 + 1)
| #define HAVE_STDINT_H 1
| /* end confdefs.h.  */
| #include <CoreFoundation/CFPreferences.h>
| int
| main ()
| {
| CFPreferencesCopyAppValue(NULL, NULL)
|   ;
|   return 0;
| }
configure:31624: result: no
configure:31633: checking for CFLocaleCopyCurrent
configure:31661: g++-3.4 -o conftest -g -O2   conftest.cpp  -Wl,-framework -Wl,CoreFoundation >&5
conftest.cpp:102:37: CoreFoundation/CFLocale.h: No such file or directory
conftest.cpp: In function `int main()':
conftest.cpp:106: error: `CFLocaleCopyCurrent' was not declared in this scope
configure:31667: $? = 1
configure: failed program was:
| /* confdefs.h.  */
| #define PACKAGE_NAME ""
| #define PACKAGE_TARNAME ""
| #define PACKAGE_VERSION ""
| #define PACKAGE_STRING ""
| #define PACKAGE_BUGREPORT ""
| #define _GNU_SOURCE 1
| #define PACKAGE "mednafen_mmmencode"
| #define VERSION "0.0.1"
| #define STDC_HEADERS 1
| #define HAVE_SYS_TYPES_H 1
| #define HAVE_SYS_STAT_H 1
| #define HAVE_STDLIB_H 1
| #define HAVE_STRING_H 1
| #define HAVE_MEMORY_H 1
| #define HAVE_STRINGS_H 1
| #define HAVE_INTTYPES_H 1
| #define HAVE_STDINT_H 1
| #define HAVE_UNISTD_H 1
| #define HAVE_DLFCN_H 1
| #define SIZEOF_SHORT 2
| #define SIZEOF_INT 4
| #define SIZEOF_LONG 8
| #define SIZEOF_LONG_LONG 8
| #define SIZEOF_DOUBLE 8
| #define SIZEOF___INT64 0
| #define SIZEOF_VOID_P 8
| #define SIZEOF_SIZE_T 8
| #define SIZEOF_PTRDIFF_T 8
| #define HAVE_MEMCMP 1
| #define HAVE_MEMCPY 1
| #define HAVE_MEMMOVE 1
| #define HAVE_MEMSET 1
| #define HAVE_MMAP 1
| #define HAVE_MUNMAP 1
| #define HAVE_MADVISE 1
| #define HAVE_SIGNAL 1
| #define HAVE_FCNTL 1
| #define HAVE_GETENV 1
| #define HAVE_PUTENV 1
| #define HAVE_SETENV 1
| #define HAVE_FCNTL_H 1
| #define MINILZO_HAVE_CONFIG_H 1
| #define HAVE_ICONV 1
| #define ICONV_CONST 
| #define HAVE_VISIBILITY 1
| #define HAVE_STDINT_H_WITH_UINTMAX 1
| #define HAVE_ALLOCA_H 1
| #define HAVE_ALLOCA 1
| #define HAVE_STDLIB_H 1
| #define HAVE_UNISTD_H 1
| #define HAVE_GETPAGESIZE 1
| #define HAVE_MMAP 1
| #define INTDIV0_RAISES_SIGFPE 1
| #define HAVE_INTTYPES_H_WITH_UINTMAX 1
| #define HAVE_UNSIGNED_LONG_LONG_INT 1
| #define HAVE_UINTMAX_T 1
| #define HAVE_INTTYPES_H 1
| #define __EXTENSIONS__ 1
| #define _POSIX_PTHREAD_SEMANTICS 1
| #define _TANDEM_SOURCE 1
| #define USE_POSIX_THREADS 1
| #define USE_POSIX_THREADS_WEAK 1
| #define HAVE_PTHREAD_RWLOCK 1
| #define HAVE_PTHREAD_MUTEX_RECURSIVE 1
| #define HAVE_BUILTIN_EXPECT 1
| #define HAVE_ARGZ_H 1
| #define HAVE_INTTYPES_H 1
| #define HAVE_LIMITS_H 1
| #define HAVE_UNISTD_H 1
| #define HAVE_SYS_PARAM_H 1
| #define HAVE_GETCWD 1
| #define HAVE_GETEGID 1
| #define HAVE_GETEUID 1
| #define HAVE_GETGID 1
| #define HAVE_GETUID 1
| #define HAVE_MEMPCPY 1
| #define HAVE_MUNMAP 1
| #define HAVE_STPCPY 1
| #define HAVE_STRCASECMP 1
| #define HAVE_STRDUP 1
| #define HAVE_STRTOUL 1
| #define HAVE_TSEARCH 1
| #define HAVE_ARGZ_COUNT 1
| #define HAVE_ARGZ_STRINGIFY 1
| #define HAVE_ARGZ_NEXT 1
| #define HAVE___FSETLOCKING 1
| #define HAVE_DECL_FEOF_UNLOCKED 1
| #define HAVE_DECL_FGETS_UNLOCKED 1
| #define HAVE_ICONV 1
| #define ICONV_CONST 
| #define HAVE_NL_LOCALE_NAME 1
| #define HAVE_LONG_LONG_INT 1
| #define HAVE_WCHAR_T 1
| #define HAVE_WINT_T 1
| #define HAVE_INTMAX_T 1
| #define HAVE_POSIX_PRINTF 1
| #define HAVE_STDINT_H 1
| #define SIZE_MAX (((1UL << 63) - 1) * 2 + 1)
| #define HAVE_STDINT_H 1
| /* end confdefs.h.  */
| #include <CoreFoundation/CFLocale.h>
| int
| main ()
| {
| CFLocaleCopyCurrent();
|   ;
|   return 0;
| }
configure:31685: result: no
configure:31705: checking for ptrdiff_t
configure:31756: result: yes
configure:31786: checking stddef.h usability
configure:31803: g++-3.4 -c -g -O2  conftest.cpp >&5
configure:31809: $? = 0
configure:31823: result: yes
configure:31827: checking stddef.h presence
configure:31842: g++-3.4 -E  conftest.cpp
configure:31848: $? = 0
configure:31862: result: yes
configure:31890: checking for stddef.h
configure:31898: result: yes
configure:31776: checking for stdlib.h
configure:31782: result: yes
configure:31776: checking for string.h
configure:31782: result: yes
configure:31921: checking for asprintf
configure:31977: g++-3.4 -o conftest -g -O2   conftest.cpp  >&5
configure:31983: $? = 0
configure:32001: result: yes
configure:31921: checking for fwprintf
configure:31977: g++-3.4 -o conftest -g -O2   conftest.cpp  >&5
configure:31983: $? = 0
configure:32001: result: yes
configure:31921: checking for putenv
configure:32001: result: yes
configure:31921: checking for setenv
configure:32001: result: yes
configure:31921: checking for setlocale
configure:31977: g++-3.4 -o conftest -g -O2   conftest.cpp  >&5
configure:31983: $? = 0
configure:32001: result: yes
configure:31921: checking for snprintf
configure:31977: g++-3.4 -o conftest -g -O2   conftest.cpp  >&5
configure:31983: $? = 0
configure:32001: result: yes
configure:31921: checking for wcslen
configure:31977: g++-3.4 -o conftest -g -O2   conftest.cpp  >&5
configure:31983: $? = 0
configure:32001: result: yes
configure:32013: checking whether _snprintf is declared
configure:32043: g++-3.4 -c -g -O2  conftest.cpp >&5
conftest.cpp: In function `int main()':
conftest.cpp:118: error: `_snprintf' was not declared in this scope
configure:32049: $? = 1
configure: failed program was:
| /* confdefs.h.  */
| #define PACKAGE_NAME ""
| #define PACKAGE_TARNAME ""
| #define PACKAGE_VERSION ""
| #define PACKAGE_STRING ""
| #define PACKAGE_BUGREPORT ""
| #define _GNU_SOURCE 1
| #define PACKAGE "mednafen_mmmencode"
| #define VERSION "0.0.1"
| #define STDC_HEADERS 1
| #define HAVE_SYS_TYPES_H 1
| #define HAVE_SYS_STAT_H 1
| #define HAVE_STDLIB_H 1
| #define HAVE_STRING_H 1
| #define HAVE_MEMORY_H 1
| #define HAVE_STRINGS_H 1
| #define HAVE_INTTYPES_H 1
| #define HAVE_STDINT_H 1
| #define HAVE_UNISTD_H 1
| #define HAVE_DLFCN_H 1
| #define SIZEOF_SHORT 2
| #define SIZEOF_INT 4
| #define SIZEOF_LONG 8
| #define SIZEOF_LONG_LONG 8
| #define SIZEOF_DOUBLE 8
| #define SIZEOF___INT64 0
| #define SIZEOF_VOID_P 8
| #define SIZEOF_SIZE_T 8
| #define SIZEOF_PTRDIFF_T 8
| #define HAVE_MEMCMP 1
| #define HAVE_MEMCPY 1
| #define HAVE_MEMMOVE 1
| #define HAVE_MEMSET 1
| #define HAVE_MMAP 1
| #define HAVE_MUNMAP 1
| #define HAVE_MADVISE 1
| #define HAVE_SIGNAL 1
| #define HAVE_FCNTL 1
| #define HAVE_GETENV 1
| #define HAVE_PUTENV 1
| #define HAVE_SETENV 1
| #define HAVE_FCNTL_H 1
| #define MINILZO_HAVE_CONFIG_H 1
| #define HAVE_ICONV 1
| #define ICONV_CONST 
| #define HAVE_VISIBILITY 1
| #define HAVE_STDINT_H_WITH_UINTMAX 1
| #define HAVE_ALLOCA_H 1
| #define HAVE_ALLOCA 1
| #define HAVE_STDLIB_H 1
| #define HAVE_UNISTD_H 1
| #define HAVE_GETPAGESIZE 1
| #define HAVE_MMAP 1
| #define INTDIV0_RAISES_SIGFPE 1
| #define HAVE_INTTYPES_H_WITH_UINTMAX 1
| #define HAVE_UNSIGNED_LONG_LONG_INT 1
| #define HAVE_UINTMAX_T 1
| #define HAVE_INTTYPES_H 1
| #define __EXTENSIONS__ 1
| #define _POSIX_PTHREAD_SEMANTICS 1
| #define _TANDEM_SOURCE 1
| #define USE_POSIX_THREADS 1
| #define USE_POSIX_THREADS_WEAK 1
| #define HAVE_PTHREAD_RWLOCK 1
| #define HAVE_PTHREAD_MUTEX_RECURSIVE 1
| #define HAVE_BUILTIN_EXPECT 1
| #define HAVE_ARGZ_H 1
| #define HAVE_INTTYPES_H 1
| #define HAVE_LIMITS_H 1
| #define HAVE_UNISTD_H 1
| #define HAVE_SYS_PARAM_H 1
| #define HAVE_GETCWD 1
| #define HAVE_GETEGID 1
| #define HAVE_GETEUID 1
| #define HAVE_GETGID 1
| #define HAVE_GETUID 1
| #define HAVE_MEMPCPY 1
| #define HAVE_MUNMAP 1
| #define HAVE_STPCPY 1
| #define HAVE_STRCASECMP 1
| #define HAVE_STRDUP 1
| #define HAVE_STRTOUL 1
| #define HAVE_TSEARCH 1
| #define HAVE_ARGZ_COUNT 1
| #define HAVE_ARGZ_STRINGIFY 1
| #define HAVE_ARGZ_NEXT 1
| #define HAVE___FSETLOCKING 1
| #define HAVE_DECL_FEOF_UNLOCKED 1
| #define HAVE_DECL_FGETS_UNLOCKED 1
| #define HAVE_ICONV 1
| #define ICONV_CONST 
| #define HAVE_NL_LOCALE_NAME 1
| #define HAVE_LONG_LONG_INT 1
| #define HAVE_WCHAR_T 1
| #define HAVE_WINT_T 1
| #define HAVE_INTMAX_T 1
| #define HAVE_POSIX_PRINTF 1
| #define HAVE_STDINT_H 1
| #define SIZE_MAX (((1UL << 63) - 1) * 2 + 1)
| #define HAVE_STDINT_H 1
| #define HAVE_STDDEF_H 1
| #define HAVE_STDLIB_H 1
| #define HAVE_STRING_H 1
| #define HAVE_ASPRINTF 1
| #define HAVE_FWPRINTF 1
| #define HAVE_PUTENV 1
| #define HAVE_SETENV 1
| #define HAVE_SETLOCALE 1
| #define HAVE_SNPRINTF 1
| #define HAVE_WCSLEN 1
| /* end confdefs.h.  */
| #include <stdio.h>
| int
| main ()
| {
| 
| #ifndef _snprintf
|   char *p = (char *) _snprintf;
| #endif
| 
|   ;
|   return 0;
| }
configure:32064: result: no
configure:32078: checking whether _snwprintf is declared
configure:32108: g++-3.4 -c -g -O2  conftest.cpp >&5
conftest.cpp: In function `int main()':
conftest.cpp:119: error: `_snwprintf' was not declared in this scope
configure:32114: $? = 1
configure: failed program was:
| /* confdefs.h.  */
| #define PACKAGE_NAME ""
| #define PACKAGE_TARNAME ""
| #define PACKAGE_VERSION ""
| #define PACKAGE_STRING ""
| #define PACKAGE_BUGREPORT ""
| #define _GNU_SOURCE 1
| #define PACKAGE "mednafen_mmmencode"
| #define VERSION "0.0.1"
| #define STDC_HEADERS 1
| #define HAVE_SYS_TYPES_H 1
| #define HAVE_SYS_STAT_H 1
| #define HAVE_STDLIB_H 1
| #define HAVE_STRING_H 1
| #define HAVE_MEMORY_H 1
| #define HAVE_STRINGS_H 1
| #define HAVE_INTTYPES_H 1
| #define HAVE_STDINT_H 1
| #define HAVE_UNISTD_H 1
| #define HAVE_DLFCN_H 1
| #define SIZEOF_SHORT 2
| #define SIZEOF_INT 4
| #define SIZEOF_LONG 8
| #define SIZEOF_LONG_LONG 8
| #define SIZEOF_DOUBLE 8
| #define SIZEOF___INT64 0
| #define SIZEOF_VOID_P 8
| #define SIZEOF_SIZE_T 8
| #define SIZEOF_PTRDIFF_T 8
| #define HAVE_MEMCMP 1
| #define HAVE_MEMCPY 1
| #define HAVE_MEMMOVE 1
| #define HAVE_MEMSET 1
| #define HAVE_MMAP 1
| #define HAVE_MUNMAP 1
| #define HAVE_MADVISE 1
| #define HAVE_SIGNAL 1
| #define HAVE_FCNTL 1
| #define HAVE_GETENV 1
| #define HAVE_PUTENV 1
| #define HAVE_SETENV 1
| #define HAVE_FCNTL_H 1
| #define MINILZO_HAVE_CONFIG_H 1
| #define HAVE_ICONV 1
| #define ICONV_CONST 
| #define HAVE_VISIBILITY 1
| #define HAVE_STDINT_H_WITH_UINTMAX 1
| #define HAVE_ALLOCA_H 1
| #define HAVE_ALLOCA 1
| #define HAVE_STDLIB_H 1
| #define HAVE_UNISTD_H 1
| #define HAVE_GETPAGESIZE 1
| #define HAVE_MMAP 1
| #define INTDIV0_RAISES_SIGFPE 1
| #define HAVE_INTTYPES_H_WITH_UINTMAX 1
| #define HAVE_UNSIGNED_LONG_LONG_INT 1
| #define HAVE_UINTMAX_T 1
| #define HAVE_INTTYPES_H 1
| #define __EXTENSIONS__ 1
| #define _POSIX_PTHREAD_SEMANTICS 1
| #define _TANDEM_SOURCE 1
| #define USE_POSIX_THREADS 1
| #define USE_POSIX_THREADS_WEAK 1
| #define HAVE_PTHREAD_RWLOCK 1
| #define HAVE_PTHREAD_MUTEX_RECURSIVE 1
| #define HAVE_BUILTIN_EXPECT 1
| #define HAVE_ARGZ_H 1
| #define HAVE_INTTYPES_H 1
| #define HAVE_LIMITS_H 1
| #define HAVE_UNISTD_H 1
| #define HAVE_SYS_PARAM_H 1
| #define HAVE_GETCWD 1
| #define HAVE_GETEGID 1
| #define HAVE_GETEUID 1
| #define HAVE_GETGID 1
| #define HAVE_GETUID 1
| #define HAVE_MEMPCPY 1
| #define HAVE_MUNMAP 1
| #define HAVE_STPCPY 1
| #define HAVE_STRCASECMP 1
| #define HAVE_STRDUP 1
| #define HAVE_STRTOUL 1
| #define HAVE_TSEARCH 1
| #define HAVE_ARGZ_COUNT 1
| #define HAVE_ARGZ_STRINGIFY 1
| #define HAVE_ARGZ_NEXT 1
| #define HAVE___FSETLOCKING 1
| #define HAVE_DECL_FEOF_UNLOCKED 1
| #define HAVE_DECL_FGETS_UNLOCKED 1
| #define HAVE_ICONV 1
| #define ICONV_CONST 
| #define HAVE_NL_LOCALE_NAME 1
| #define HAVE_LONG_LONG_INT 1
| #define HAVE_WCHAR_T 1
| #define HAVE_WINT_T 1
| #define HAVE_INTMAX_T 1
| #define HAVE_POSIX_PRINTF 1
| #define HAVE_STDINT_H 1
| #define SIZE_MAX (((1UL << 63) - 1) * 2 + 1)
| #define HAVE_STDINT_H 1
| #define HAVE_STDDEF_H 1
| #define HAVE_STDLIB_H 1
| #define HAVE_STRING_H 1
| #define HAVE_ASPRINTF 1
| #define HAVE_FWPRINTF 1
| #define HAVE_PUTENV 1
| #define HAVE_SETENV 1
| #define HAVE_SETLOCALE 1
| #define HAVE_SNPRINTF 1
| #define HAVE_WCSLEN 1
| #define HAVE_DECL__SNPRINTF 0
| /* end confdefs.h.  */
| #include <stdio.h>
| int
| main ()
| {
| 
| #ifndef _snwprintf
|   char *p = (char *) _snwprintf;
| #endif
| 
|   ;
|   return 0;
| }
configure:32129: result: no
configure:32144: checking whether getc_unlocked is declared
configure:32174: g++-3.4 -c -g -O2  conftest.cpp >&5
configure:32180: $? = 0
configure:32195: result: yes
configure:32234: checking for nl_langinfo and CODESET
configure:32260: g++-3.4 -o conftest -g -O2   conftest.cpp  >&5
configure:32266: $? = 0
configure:32284: result: yes
configure:32295: checking for LC_MESSAGES
configure:32321: g++-3.4 -o conftest -g -O2   conftest.cpp  >&5
configure:32327: $? = 0
configure:32344: result: yes
configure:32502: checking for CFPreferencesCopyAppValue
configure:32554: result: no
configure:32563: checking for CFLocaleCopyCurrent
configure:32615: result: no
configure:32652: checking whether included gettext is requested
configure:32662: result: no
configure:32685: checking for GNU gettext in libc
configure:32715: g++-3.4 -o conftest -g -O2   conftest.cpp  >&5
configure:32721: $? = 0
configure:32739: result: yes
configure:33356: checking whether to use NLS
configure:33358: result: yes
configure:33361: checking where the gettext function comes from
configure:33372: result: libc
configure:33467: checking for zlibVersion in -lz
configure:33502: g++-3.4 -o conftest -g -O2   conftest.cpp -lz   >&5
configure:33508: $? = 0
configure:33526: result: yes
configure:33571: checking for SNDFILE
configure:33579: $PKG_CONFIG --exists --print-errors "sndfile >= 1.0.2"
configure:33582: $? = 0
configure:33597: $PKG_CONFIG --exists --print-errors "sndfile >= 1.0.2"
configure:33600: $? = 0
configure:33640: result: yes
configure:33646: checking for LIBQUICKTIME
configure:33654: $PKG_CONFIG --exists --print-errors "libquicktime >= 1.0.0"
configure:33657: $? = 0
configure:33672: $PKG_CONFIG --exists --print-errors "libquicktime >= 1.0.0"
configure:33675: $? = 0
configure:33715: result: yes
configure:33719: checking whether byte ordering is bigendian
configure:33752: g++-3.4 -c -g -O2 -Wall -Winline -Wshadow  conftest.cpp >&5
configure:33758: $? = 0
configure:33790: g++-3.4 -c -g -O2 -Wall -Winline -Wshadow  conftest.cpp >&5
conftest.cpp: In function `int main()':
conftest.cpp:128: error: `big' was not declared in this scope
conftest.cpp:128: error: expected `;' before "endian"
conftest.cpp:128: warning: unused variable 'big'
configure:33796: $? = 1
configure: failed program was:
| /* confdefs.h.  */
| #define PACKAGE_NAME ""
| #define PACKAGE_TARNAME ""
| #define PACKAGE_VERSION ""
| #define PACKAGE_STRING ""
| #define PACKAGE_BUGREPORT ""
| #define _GNU_SOURCE 1
| #define PACKAGE "mednafen_mmmencode"
| #define VERSION "0.0.1"
| #define STDC_HEADERS 1
| #define HAVE_SYS_TYPES_H 1
| #define HAVE_SYS_STAT_H 1
| #define HAVE_STDLIB_H 1
| #define HAVE_STRING_H 1
| #define HAVE_MEMORY_H 1
| #define HAVE_STRINGS_H 1
| #define HAVE_INTTYPES_H 1
| #define HAVE_STDINT_H 1
| #define HAVE_UNISTD_H 1
| #define HAVE_DLFCN_H 1
| #define SIZEOF_SHORT 2
| #define SIZEOF_INT 4
| #define SIZEOF_LONG 8
| #define SIZEOF_LONG_LONG 8
| #define SIZEOF_DOUBLE 8
| #define SIZEOF___INT64 0
| #define SIZEOF_VOID_P 8
| #define SIZEOF_SIZE_T 8
| #define SIZEOF_PTRDIFF_T 8
| #define HAVE_MEMCMP 1
| #define HAVE_MEMCPY 1
| #define HAVE_MEMMOVE 1
| #define HAVE_MEMSET 1
| #define HAVE_MMAP 1
| #define HAVE_MUNMAP 1
| #define HAVE_MADVISE 1
| #define HAVE_SIGNAL 1
| #define HAVE_FCNTL 1
| #define HAVE_GETENV 1
| #define HAVE_PUTENV 1
| #define HAVE_SETENV 1
| #define HAVE_FCNTL_H 1
| #define MINILZO_HAVE_CONFIG_H 1
| #define HAVE_ICONV 1
| #define ICONV_CONST 
| #define HAVE_VISIBILITY 1
| #define HAVE_STDINT_H_WITH_UINTMAX 1
| #define HAVE_ALLOCA_H 1
| #define HAVE_ALLOCA 1
| #define HAVE_STDLIB_H 1
| #define HAVE_UNISTD_H 1
| #define HAVE_GETPAGESIZE 1
| #define HAVE_MMAP 1
| #define INTDIV0_RAISES_SIGFPE 1
| #define HAVE_INTTYPES_H_WITH_UINTMAX 1
| #define HAVE_UNSIGNED_LONG_LONG_INT 1
| #define HAVE_UINTMAX_T 1
| #define HAVE_INTTYPES_H 1
| #define __EXTENSIONS__ 1
| #define _POSIX_PTHREAD_SEMANTICS 1
| #define _TANDEM_SOURCE 1
| #define USE_POSIX_THREADS 1
| #define USE_POSIX_THREADS_WEAK 1
| #define HAVE_PTHREAD_RWLOCK 1
| #define HAVE_PTHREAD_MUTEX_RECURSIVE 1
| #define HAVE_BUILTIN_EXPECT 1
| #define HAVE_ARGZ_H 1
| #define HAVE_INTTYPES_H 1
| #define HAVE_LIMITS_H 1
| #define HAVE_UNISTD_H 1
| #define HAVE_SYS_PARAM_H 1
| #define HAVE_GETCWD 1
| #define HAVE_GETEGID 1
| #define HAVE_GETEUID 1
| #define HAVE_GETGID 1
| #define HAVE_GETUID 1
| #define HAVE_MEMPCPY 1
| #define HAVE_MUNMAP 1
| #define HAVE_STPCPY 1
| #define HAVE_STRCASECMP 1
| #define HAVE_STRDUP 1
| #define HAVE_STRTOUL 1
| #define HAVE_TSEARCH 1
| #define HAVE_ARGZ_COUNT 1
| #define HAVE_ARGZ_STRINGIFY 1
| #define HAVE_ARGZ_NEXT 1
| #define HAVE___FSETLOCKING 1
| #define HAVE_DECL_FEOF_UNLOCKED 1
| #define HAVE_DECL_FGETS_UNLOCKED 1
| #define HAVE_ICONV 1
| #define ICONV_CONST 
| #define HAVE_NL_LOCALE_NAME 1
| #define HAVE_LONG_LONG_INT 1
| #define HAVE_WCHAR_T 1
| #define HAVE_WINT_T 1
| #define HAVE_INTMAX_T 1
| #define HAVE_POSIX_PRINTF 1
| #define HAVE_STDINT_H 1
| #define SIZE_MAX (((1UL << 63) - 1) * 2 + 1)
| #define HAVE_STDINT_H 1
| #define HAVE_STDDEF_H 1
| #define HAVE_STDLIB_H 1
| #define HAVE_STRING_H 1
| #define HAVE_ASPRINTF 1
| #define HAVE_FWPRINTF 1
| #define HAVE_PUTENV 1
| #define HAVE_SETENV 1
| #define HAVE_SETLOCALE 1
| #define HAVE_SNPRINTF 1
| #define HAVE_WCSLEN 1
| #define HAVE_DECL__SNPRINTF 0
| #define HAVE_DECL__SNWPRINTF 0
| #define HAVE_DECL_GETC_UNLOCKED 1
| #define HAVE_LANGINFO_CODESET 1
| #define HAVE_LC_MESSAGES 1
| #define ENABLE_NLS 1
| #define HAVE_GETTEXT 1
| #define HAVE_DCGETTEXT 1
| #define HAVE_LIBZ 1
| /* end confdefs.h.  */
| #include <sys/types.h>
| #include <sys/param.h>
| 
| int
| main ()
| {
| #if BYTE_ORDER != BIG_ENDIAN
|  not big endian
| #endif
| 
|   ;
|   return 0;
| }
configure:33936: result: no
configure:34125: creating ./config.status

## ---------------------- ##
## Running config.status. ##
## ---------------------- ##

This file was extended by config.status, which was
generated by GNU Autoconf 2.61.  Invocation command line was

  CONFIG_FILES    = 
  CONFIG_HEADERS  = 
  CONFIG_LINKS    = 
  CONFIG_COMMANDS = 
  $ ./config.status 

on gaia

config.status:740: creating Makefile
config.status:740: creating src/Makefile
config.status:740: creating intl/Makefile
config.status:740: creating po/Makefile.in
config.status:740: creating include/config.h
config.status:1087: include/config.h is unchanged
config.status:1134: executing depfiles commands
config.status:1134: executing po-directories commands

## ---------------- ##
## Cache variables. ##
## ---------------- ##

ac_cv_build=x86_64-unknown-linux-gnu
ac_cv_c_bigendian=no
ac_cv_c_compiler_gnu=yes
ac_cv_c_const=yes
ac_cv_c_inline=inline
ac_cv_cxx_compiler_gnu=yes
ac_cv_env_CCASFLAGS_set=
ac_cv_env_CCASFLAGS_value=
ac_cv_env_CCAS_set=
ac_cv_env_CCAS_value=
ac_cv_env_CCC_set=
ac_cv_env_CCC_value=
ac_cv_env_CC_set=set
ac_cv_env_CC_value=gcc-3.4
ac_cv_env_CFLAGS_set=
ac_cv_env_CFLAGS_value=
ac_cv_env_CPPFLAGS_set=
ac_cv_env_CPPFLAGS_value=
ac_cv_env_CPP_set=
ac_cv_env_CPP_value=
ac_cv_env_CXXCPP_set=
ac_cv_env_CXXCPP_value=
ac_cv_env_CXXFLAGS_set=
ac_cv_env_CXXFLAGS_value=
ac_cv_env_CXX_set=set
ac_cv_env_CXX_value=g++-3.4
ac_cv_env_F77_set=
ac_cv_env_F77_value=
ac_cv_env_FFLAGS_set=
ac_cv_env_FFLAGS_value=
ac_cv_env_LDFLAGS_set=
ac_cv_env_LDFLAGS_value=
ac_cv_env_LIBQUICKTIME_CFLAGS_set=
ac_cv_env_LIBQUICKTIME_CFLAGS_value=
ac_cv_env_LIBQUICKTIME_LIBS_set=
ac_cv_env_LIBQUICKTIME_LIBS_value=
ac_cv_env_LIBS_set=
ac_cv_env_LIBS_value=
ac_cv_env_PKG_CONFIG_set=
ac_cv_env_PKG_CONFIG_value=
ac_cv_env_SNDFILE_CFLAGS_set=
ac_cv_env_SNDFILE_CFLAGS_value=
ac_cv_env_SNDFILE_LIBS_set=
ac_cv_env_SNDFILE_LIBS_value=
ac_cv_env_build_alias_set=
ac_cv_env_build_alias_value=
ac_cv_env_host_alias_set=
ac_cv_env_host_alias_value=
ac_cv_env_target_alias_set=
ac_cv_env_target_alias_value=
ac_cv_f77_compiler_gnu=no
ac_cv_func___fsetlocking=yes
ac_cv_func_alloca_works=yes
ac_cv_func_argz_count=yes
ac_cv_func_argz_next=yes
ac_cv_func_argz_stringify=yes
ac_cv_func_asprintf=yes
ac_cv_func_fcntl=yes
ac_cv_func_fwprintf=yes
ac_cv_func_getcwd=yes
ac_cv_func_getegid=yes
ac_cv_func_getenv=yes
ac_cv_func_geteuid=yes
ac_cv_func_getgid=yes
ac_cv_func_getpagesize=yes
ac_cv_func_getuid=yes
ac_cv_func_madvise=yes
ac_cv_func_memcmp=yes
ac_cv_func_memcpy=yes
ac_cv_func_memmove=yes
ac_cv_func_mempcpy=yes
ac_cv_func_memset=yes
ac_cv_func_mmap=yes
ac_cv_func_mmap_fixed_mapped=yes
ac_cv_func_munmap=yes
ac_cv_func_putenv=yes
ac_cv_func_setenv=yes
ac_cv_func_setlocale=yes
ac_cv_func_signal=yes
ac_cv_func_snprintf=yes
ac_cv_func_stpcpy=yes
ac_cv_func_strcasecmp=yes
ac_cv_func_strdup=yes
ac_cv_func_strtoul=yes
ac_cv_func_tsearch=yes
ac_cv_func_wcslen=yes
ac_cv_gnu_library_2=yes
ac_cv_gnu_library_2_1=yes
ac_cv_have_decl__snprintf=no
ac_cv_have_decl__snwprintf=no
ac_cv_have_decl_feof_unlocked=yes
ac_cv_have_decl_fgets_unlocked=yes
ac_cv_have_decl_getc_unlocked=yes
ac_cv_header_argz_h=yes
ac_cv_header_dlfcn_h=yes
ac_cv_header_fcntl_h=yes
ac_cv_header_inttypes_h=yes
ac_cv_header_limits_h=yes
ac_cv_header_memory_h=yes
ac_cv_header_minix_config_h=no
ac_cv_header_pthread_h=yes
ac_cv_header_stdc=yes
ac_cv_header_stddef_h=yes
ac_cv_header_stdint_h=yes
ac_cv_header_stdlib_h=yes
ac_cv_header_string_h=yes
ac_cv_header_strings_h=yes
ac_cv_header_sys_param_h=yes
ac_cv_header_sys_stat_h=yes
ac_cv_header_sys_types_h=yes
ac_cv_header_unistd_h=yes
ac_cv_host=x86_64-unknown-linux-gnu
ac_cv_lib_pthread_pthread_kill=yes
ac_cv_lib_z_zlibVersion=yes
ac_cv_objext=o
ac_cv_path_EGREP='/bin/grep -E'
ac_cv_path_GMSGFMT=/usr/bin/msgfmt
ac_cv_path_GREP=/bin/grep
ac_cv_path_MSGFMT=/usr/bin/msgfmt
ac_cv_path_MSGMERGE=/usr/bin/msgmerge
ac_cv_path_XGETTEXT=/usr/bin/xgettext
ac_cv_path_ac_pt_PKG_CONFIG=/usr/bin/pkg-config
ac_cv_path_install='/usr/bin/install -c'
ac_cv_path_mkdir=/bin/mkdir
ac_cv_prog_AWK=mawk
ac_cv_prog_CPP='gcc-3.4 -E'
ac_cv_prog_CXXCPP='g++-3.4 -E'
ac_cv_prog_INTLBISON=bison
ac_cv_prog_ac_ct_AR=ar
ac_cv_prog_ac_ct_CC=gcc-3.4
ac_cv_prog_ac_ct_RANLIB=ranlib
ac_cv_prog_ac_ct_STRIP=strip
ac_cv_prog_cc_c89=
ac_cv_prog_cc_g=yes
ac_cv_prog_cc_gcc_3_4_c_o=yes
ac_cv_prog_cxx_g=yes
ac_cv_prog_f77_g=no
ac_cv_prog_make_make_set=yes
ac_cv_safe_to_define___extensions__=yes
ac_cv_sizeof___int64=0
ac_cv_sizeof_double=8
ac_cv_sizeof_int=4
ac_cv_sizeof_long=8
ac_cv_sizeof_long_long=8
ac_cv_sizeof_ptrdiff_t=8
ac_cv_sizeof_short=2
ac_cv_sizeof_size_t=8
ac_cv_sizeof_void_p=8
ac_cv_target=x86_64-unknown-linux-gnu
ac_cv_type___int64=no
ac_cv_type_double=yes
ac_cv_type_int=yes
ac_cv_type_long=yes
ac_cv_type_long_long=yes
ac_cv_type_long_long_int=yes
ac_cv_type_pthread_rwlock_t=yes
ac_cv_type_ptrdiff_t=yes
ac_cv_type_short=yes
ac_cv_type_size_t=yes
ac_cv_type_unsigned_long_long_int=yes
ac_cv_type_void_p=yes
ac_cv_working_alloca_h=yes
acl_cv_hardcode_direct=no
acl_cv_hardcode_libdir_flag_spec='${wl}-rpath ${wl}$libdir'
acl_cv_hardcode_libdir_separator=
acl_cv_hardcode_minus_L=no
acl_cv_libext=a
acl_cv_libname_spec='lib$name'
acl_cv_library_names_spec='$libname$shrext'
acl_cv_path_LD='/usr/bin/ld -m elf_x86_64'
acl_cv_prog_gnu_ld=yes
acl_cv_rpath=done
acl_cv_shlibext=so
acl_cv_wl=-Wl,
am_cv_CCAS_dependencies_compiler_type=gcc3
am_cv_CC_dependencies_compiler_type=gcc3
am_cv_CXX_dependencies_compiler_type=gcc3
am_cv_func_iconv=yes
am_cv_func_iconv_works=yes
am_cv_langinfo_codeset=yes
am_cv_lib_iconv=no
am_cv_proto_iconv='extern size_t iconv (iconv_t cd, char * *inbuf, size_t *inbytesleft, char * *outbuf, size_t *outbytesleft);'
am_cv_proto_iconv_arg1=
gl_cv_cc_visibility=yes
gl_cv_header_inttypes_h=yes
gl_cv_header_stdint_h=yes
gl_cv_size_max='(((1UL << 63) - 1) * 2 + 1)'
gt_cv_c_intmax_t=yes
gt_cv_c_wchar_t=yes
gt_cv_c_wint_t=yes
gt_cv_func_CFLocaleCopyCurrent=no
gt_cv_func_CFPreferencesCopyAppValue=no
gt_cv_func_gnugettext1_libc=yes
gt_cv_func_printf_posix=yes
gt_cv_int_divbyzero_sigfpe=yes
gt_cv_inttypes_pri_broken=no
gt_cv_nl_locale_name=yes
gt_cv_val_LC_MESSAGES=yes
lt_cv_deplibs_check_method=pass_all
lt_cv_file_magic_cmd='$MAGIC_CMD'
lt_cv_file_magic_test_file=
lt_cv_ld_reload_flag=-r
lt_cv_objdir=.libs
lt_cv_path_LD=/usr/bin/ld
lt_cv_path_LDCXX='/usr/bin/ld -m elf_x86_64'
lt_cv_path_NM='/usr/bin/nm -B'
lt_cv_path_SED=/bin/sed
lt_cv_prog_compiler_c_o=yes
lt_cv_prog_compiler_c_o_CXX=yes
lt_cv_prog_compiler_pic_works=yes
lt_cv_prog_compiler_pic_works_CXX=yes
lt_cv_prog_compiler_rtti_exceptions=no
lt_cv_prog_compiler_static_works=yes
lt_cv_prog_compiler_static_works_CXX=yes
lt_cv_prog_gnu_ld=yes
lt_cv_prog_gnu_ldcxx=yes
lt_cv_sys_global_symbol_pipe='sed -n -e '\''s/^.*[ 	]\([ABCDGIRSTW][ABCDGIRSTW]*\)[ 	][ 	]*\([_A-Za-z][_A-Za-z0-9]*\)$/\1 \2 \2/p'\'''
lt_cv_sys_global_symbol_to_c_name_address='sed -n -e '\''s/^: \([^ ]*\) $/  {\"\1\", (lt_ptr) 0},/p'\'' -e '\''s/^[BCDEGRST] \([^ ]*\) \([^ ]*\)$/  {"\2", (lt_ptr) \&\2},/p'\'''
lt_cv_sys_global_symbol_to_cdecl='sed -n -e '\''s/^. .* \(.*\)$/extern int \1;/p'\'''
lt_cv_sys_lib_dlsearch_path_spec='/lib /usr/lib /usr/lib/kde4/lib /usr/local/lib /lib/x86_64-linux-gnu /usr/lib/x86_64-linux-gnu '
lt_cv_sys_lib_search_path_spec='/usr/lib/gcc/x86_64-linux-gnu/3.4.6 /usr/lib /lib'
lt_cv_sys_max_cmd_len=98304
lt_lt_cv_prog_compiler_c_o='"yes"'
lt_lt_cv_prog_compiler_c_o_CXX='"yes"'
lt_lt_cv_sys_global_symbol_pipe='"sed -n -e '\''s/^.*[ 	]\\([ABCDGIRSTW][ABCDGIRSTW]*\\)[ 	][ 	]*\\([_A-Za-z][_A-Za-z0-9]*\\)\$/\\1 \\2 \\2/p'\''"'
lt_lt_cv_sys_global_symbol_to_c_name_address='"sed -n -e '\''s/^: \\([^ ]*\\) \$/  {\\\"\\1\\\", (lt_ptr) 0},/p'\'' -e '\''s/^[BCDEGRST] \\([^ ]*\\) \\([^ ]*\\)\$/  {\"\\2\", (lt_ptr) \\&\\2},/p'\''"'
lt_lt_cv_sys_global_symbol_to_cdecl='"sed -n -e '\''s/^. .* \\(.*\\)\$/extern int \\1;/p'\''"'
nls_cv_force_use_gnu_gettext=no
nls_cv_header_intl=
nls_cv_header_libgt=
nls_cv_use_gnu_gettext=no
pkg_cv_LIBQUICKTIME_CFLAGS='-I/usr/include/lqt  '
pkg_cv_LIBQUICKTIME_LIBS='-lquicktime -lpthread -lm -lz -ldl  '
pkg_cv_SNDFILE_CFLAGS=' '
pkg_cv_SNDFILE_LIBS='-lsndfile  '

## ----------------- ##
## Output variables. ##
## ----------------- ##

ACLOCAL='${SHELL} /home/sarah/mednafen-mmmencode/missing --run aclocal-1.10'
ALLOCA=''
AMDEPBACKSLASH='\'
AMDEP_FALSE='#'
AMDEP_TRUE=''
AMTAR='${SHELL} /home/sarah/mednafen-mmmencode/missing --run tar'
AR='ar'
AUTOCONF='${SHELL} /home/sarah/mednafen-mmmencode/missing --run autoconf'
AUTOHEADER='${SHELL} /home/sarah/mednafen-mmmencode/missing --run autoheader'
AUTOMAKE='${SHELL} /home/sarah/mednafen-mmmencode/missing --run automake-1.10'
AWK='mawk'
BUILD_INCLUDED_LIBINTL='no'
CATOBJEXT='.gmo'
CC='gcc-3.4'
CCAS='gcc-3.4'
CCASDEPMODE='depmode=gcc3'
CCASFLAGS='-g -O2'
CCDEPMODE='depmode=gcc3'
CFLAGS='  -I/usr/include/lqt   -Wall -Winline -Wshadow -g -O2'
CFLAG_VISIBILITY='-fvisibility=hidden'
CPP='gcc-3.4 -E'
CPPFLAGS='  -I/usr/include/lqt   -Wall -Winline -Wshadow '
CXX='g++-3.4'
CXXCPP='g++-3.4 -E'
CXXDEPMODE='depmode=gcc3'
CXXFLAGS='-g -O2'
CYGPATH_W='echo'
DATADIRNAME='share'
DEFS='-DHAVE_CONFIG_H'
DEPDIR='.deps'
DSYMUTIL=''
ECHO='echo'
ECHO_C=''
ECHO_N='-n'
ECHO_T=''
EGREP='/bin/grep -E'
EXEEXT=''
F77=''
FFLAGS=''
GENCAT='gencat'
GETTEXT_MACRO_VERSION='0.17'
GLIBC21='yes'
GLIBC2='yes'
GMSGFMT='/usr/bin/msgfmt'
GMSGFMT_015='/usr/bin/msgfmt'
GREP='/bin/grep'
HAVE_ASPRINTF='1'
HAVE_POSIX_PRINTF='1'
HAVE_SNPRINTF='1'
HAVE_VISIBILITY='1'
HAVE_WPRINTF='0'
INSTALL_DATA='${INSTALL} -m 644'
INSTALL_PROGRAM='${INSTALL}'
INSTALL_SCRIPT='${INSTALL}'
INSTALL_STRIP_PROGRAM='$(install_sh) -c -s'
INSTOBJEXT='.mo'
INTLBISON='bison'
INTLLIBS=''
INTLOBJS=''
INTL_LIBTOOL_SUFFIX_PREFIX=''
INTL_MACOSX_LIBS=''
LDFLAGS=''
LIBICONV=''
LIBINTL=''
LIBMULTITHREAD='-lpthread'
LIBOBJS=''
LIBPTH=''
LIBPTH_PREFIX=''
LIBQUICKTIME_CFLAGS='-I/usr/include/lqt  '
LIBQUICKTIME_LIBS='-lquicktime -lpthread -lm -lz -ldl  '
LIBS='-lsndfile   -lquicktime -lpthread -lm -lz -ldl   -lz  -lz'
LIBTHREAD=''
LIBTOOL='$(SHELL) $(top_builddir)/libtool'
LN_S='ln -s'
LTLIBC='-lc'
LTLIBICONV=''
LTLIBINTL=''
LTLIBMULTITHREAD='-lpthread'
LTLIBOBJS=''
LTLIBPTH=''
LTLIBTHREAD=''
MAKEINFO='${SHELL} /home/sarah/mednafen-mmmencode/missing --run makeinfo'
MSGFMT='/usr/bin/msgfmt'
MSGFMT_015='/usr/bin/msgfmt'
MSGMERGE='/usr/bin/msgmerge'
NMEDIT=''
OBJEXT='o'
PACKAGE='mednafen_mmmencode'
PACKAGE_BUGREPORT=''
PACKAGE_NAME=''
PACKAGE_STRING=''
PACKAGE_TARNAME=''
PACKAGE_VERSION=''
PATH_SEPARATOR=':'
PKG_CONFIG='/usr/bin/pkg-config'
POSUB='po'
PRI_MACROS_BROKEN='0'
RANLIB='ranlib'
SED='/bin/sed'
SET_MAKE=''
SHELL='/bin/bash'
SNDFILE_CFLAGS=' '
SNDFILE_LIBS='-lsndfile  '
STRIP='strip'
UNIX_FALSE=''
UNIX_TRUE='#'
USE_INCLUDED_LIBINTL='no'
USE_NLS='yes'
VERSION='0.0.1'
WIN32_FALSE=''
WIN32_TRUE='#'
WINDRES=''
WOE32='no'
WOE32DLL='no'
XGETTEXT='/usr/bin/xgettext'
XGETTEXT_015='/usr/bin/xgettext'
XGETTEXT_EXTRA_OPTIONS=''
ac_ct_CC='gcc-3.4'
ac_ct_CXX=''
ac_ct_F77=''
am__fastdepCCAS_FALSE='#'
am__fastdepCCAS_TRUE=''
am__fastdepCC_FALSE='#'
am__fastdepCC_TRUE=''
am__fastdepCXX_FALSE='#'
am__fastdepCXX_TRUE=''
am__include='include'
am__isrc=''
am__leading_dot='.'
am__quote=''
am__tar='${AMTAR} chof - "$$tardir"'
am__untar='${AMTAR} xf -'
bindir='${exec_prefix}/bin'
build='x86_64-unknown-linux-gnu'
build_alias=''
build_cpu='x86_64'
build_os='linux-gnu'
build_vendor='unknown'
datadir='${datarootdir}'
datarootdir='${prefix}/share'
docdir='${datarootdir}/doc/${PACKAGE}'
dvidir='${docdir}'
exec_prefix='${prefix}'
host='x86_64-unknown-linux-gnu'
host_alias=''
host_cpu='x86_64'
host_os='linux-gnu'
host_vendor='unknown'
htmldir='${docdir}'
includedir='${prefix}/include'
infodir='${datarootdir}/info'
install_sh='$(SHELL) /home/sarah/mednafen-mmmencode/install-sh'
libdir='${exec_prefix}/lib'
libexecdir='${exec_prefix}/libexec'
localedir='${datarootdir}/locale'
localstatedir='${prefix}/var'
mandir='${datarootdir}/man'
mkdir_p='/bin/mkdir -p'
oldincludedir='/usr/include'
pdfdir='${docdir}'
prefix='/usr/local'
program_transform_name='s,x,x,'
psdir='${docdir}'
sbindir='${exec_prefix}/sbin'
sharedstatedir='${prefix}/com'
sysconfdir='${prefix}/etc'
target='x86_64-unknown-linux-gnu'
target_alias=''
target_cpu='x86_64'
target_os='linux-gnu'
target_vendor='unknown'

## ----------- ##
## confdefs.h. ##
## ----------- ##

#define PACKAGE_NAME ""
#define PACKAGE_TARNAME ""
#define PACKAGE_VERSION ""
#define PACKAGE_STRING ""
#define PACKAGE_BUGREPORT ""
#define _GNU_SOURCE 1
#define PACKAGE "mednafen_mmmencode"
#define VERSION "0.0.1"
#define STDC_HEADERS 1
#define HAVE_SYS_TYPES_H 1
#define HAVE_SYS_STAT_H 1
#define HAVE_STDLIB_H 1
#define HAVE_STRING_H 1
#define HAVE_MEMORY_H 1
#define HAVE_STRINGS_H 1
#define HAVE_INTTYPES_H 1
#define HAVE_STDINT_H 1
#define HAVE_UNISTD_H 1
#define HAVE_DLFCN_H 1
#define SIZEOF_SHORT 2
#define SIZEOF_INT 4
#define SIZEOF_LONG 8
#define SIZEOF_LONG_LONG 8
#define SIZEOF_DOUBLE 8
#define SIZEOF___INT64 0
#define SIZEOF_VOID_P 8
#define SIZEOF_SIZE_T 8
#define SIZEOF_PTRDIFF_T 8
#define HAVE_MEMCMP 1
#define HAVE_MEMCPY 1
#define HAVE_MEMMOVE 1
#define HAVE_MEMSET 1
#define HAVE_MMAP 1
#define HAVE_MUNMAP 1
#define HAVE_MADVISE 1
#define HAVE_SIGNAL 1
#define HAVE_FCNTL 1
#define HAVE_GETENV 1
#define HAVE_PUTENV 1
#define HAVE_SETENV 1
#define HAVE_FCNTL_H 1
#define MINILZO_HAVE_CONFIG_H 1
#define HAVE_ICONV 1
#define ICONV_CONST 
#define HAVE_VISIBILITY 1
#define HAVE_STDINT_H_WITH_UINTMAX 1
#define HAVE_ALLOCA_H 1
#define HAVE_ALLOCA 1
#define HAVE_STDLIB_H 1
#define HAVE_UNISTD_H 1
#define HAVE_GETPAGESIZE 1
#define HAVE_MMAP 1
#define INTDIV0_RAISES_SIGFPE 1
#define HAVE_INTTYPES_H_WITH_UINTMAX 1
#define HAVE_UNSIGNED_LONG_LONG_INT 1
#define HAVE_UINTMAX_T 1
#define HAVE_INTTYPES_H 1
#define __EXTENSIONS__ 1
#define _POSIX_PTHREAD_SEMANTICS 1
#define _TANDEM_SOURCE 1
#define USE_POSIX_THREADS 1
#define USE_POSIX_THREADS_WEAK 1
#define HAVE_PTHREAD_RWLOCK 1
#define HAVE_PTHREAD_MUTEX_RECURSIVE 1
#define HAVE_BUILTIN_EXPECT 1
#define HAVE_ARGZ_H 1
#define HAVE_INTTYPES_H 1
#define HAVE_LIMITS_H 1
#define HAVE_UNISTD_H 1
#define HAVE_SYS_PARAM_H 1
#define HAVE_GETCWD 1
#define HAVE_GETEGID 1
#define HAVE_GETEUID 1
#define HAVE_GETGID 1
#define HAVE_GETUID 1
#define HAVE_MEMPCPY 1
#define HAVE_MUNMAP 1
#define HAVE_STPCPY 1
#define HAVE_STRCASECMP 1
#define HAVE_STRDUP 1
#define HAVE_STRTOUL 1
#define HAVE_TSEARCH 1
#define HAVE_ARGZ_COUNT 1
#define HAVE_ARGZ_STRINGIFY 1
#define HAVE_ARGZ_NEXT 1
#define HAVE___FSETLOCKING 1
#define HAVE_DECL_FEOF_UNLOCKED 1
#define HAVE_DECL_FGETS_UNLOCKED 1
#define HAVE_ICONV 1
#define ICONV_CONST 
#define HAVE_NL_LOCALE_NAME 1
#define HAVE_LONG_LONG_INT 1
#define HAVE_WCHAR_T 1
#define HAVE_WINT_T 1
#define HAVE_INTMAX_T 1
#define HAVE_POSIX_PRINTF 1
#define HAVE_STDINT_H 1
#define SIZE_MAX (((1UL << 63) - 1) * 2 + 1)
#define HAVE_STDINT_H 1
#define HAVE_STDDEF_H 1
#define HAVE_STDLIB_H 1
#define HAVE_STRING_H 1
#define HAVE_ASPRINTF 1
#define HAVE_FWPRINTF 1
#define HAVE_PUTENV 1
#define HAVE_SETENV 1
#define HAVE_SETLOCALE 1
#define HAVE_SNPRINTF 1
#define HAVE_WCSLEN 1
#define HAVE_DECL__SNPRINTF 0
#define HAVE_DECL__SNWPRINTF 0
#define HAVE_DECL_GETC_UNLOCKED 1
#define HAVE_LANGINFO_CODESET 1
#define HAVE_LC_MESSAGES 1
#define ENABLE_NLS 1
#define HAVE_GETTEXT 1
#define HAVE_DCGETTEXT 1
#define HAVE_LIBZ 1
#define LSB_FIRST 1
#define MPC_LITTLE_ENDIAN 1
#define MEDNAFEN_MMMENCODE_VERSION "0.0.1"
#define MEDNAFEN_MMMENCODE_VERSION_NUMERIC 0x000001

configure: exit 0

## ---------------------- ##
## Running config.status. ##
## ---------------------- ##

This file was extended by config.status, which was
generated by GNU Autoconf 2.61.  Invocation command line was

  CONFIG_FILES    = 
  CONFIG_HEADERS  = 
  CONFIG_LINKS    = 
  CONFIG_COMMANDS = 
  $ ./config.status src/Makefile depfiles

on gaia

config.status:740: creating src/Makefile
config.status:1134: executing depfiles commands
